Package: fping
Version: 5.1-1
Priority: optional
Section: universe/net
Origin: Ubuntu
Maintainer: Ubuntu Developers <ubuntu-devel-discuss@lists.ubuntu.com>
Original-Maintainer: Axel Beckert <abe@debian.org>
Bugs: https://bugs.launchpad.net/ubuntu/+filebug
Installed-Size: 90.1 kB
Depends: libcap2-bin, netbase, libc6 (>= 2.34)
Enhances: netdata (>= 1.5)
Homepage: https://www.fping.org/
Download-Size: 32.0 kB
APT-Manual-Installed: yes
APT-Sources: http://us.archive.ubuntu.com/ubuntu jammy/universe amd64 Packages
Description: sends ICMP ECHO_REQUEST packets to network hosts
 fping is a ping like program which uses the Internet Control Message Protocol
 (ICMP) echo request to determine if a target host is responding.  fping
 differs from ping in that you can specify any number of targets on the command
 line, or specify a file containing the lists of targets to ping.  Instead of
 sending to one target until it times out or replies, fping will send out a
 ping packet and move on to the next target in a round-robin fashion.

Package: stress
Version: 1.0.5-1
Priority: optional
Section: universe/devel
Origin: Ubuntu
Maintainer: Ubuntu Developers <ubuntu-devel-discuss@lists.ubuntu.com>
Original-Maintainer: Joao Eriberto Mota Filho <eriberto@debian.org>
Bugs: https://bugs.launchpad.net/ubuntu/+filebug
Installed-Size: 52.2 kB
Depends: libc6 (>= 2.34)
Homepage: https://github.com/resurrecting-open-source-projects/stress
Download-Size: 18.4 kB
APT-Manual-Installed: yes
APT-Sources: http://us.archive.ubuntu.com/ubuntu jammy/universe amd64 Packages
Description: tool to impose load on and stress test a computer system
 'stress' is a tool that imposes a configurable amount of CPU, memory, I/O,
 or disk stress on a POSIX-compliant operating system and reports any errors
 it detects.
 .
 'stress' is not a benchmark.  It is a tool used by system administrators to
 evaluate how well their systems will scale, by kernel programmers to evaluate
 perceived performance characteristics, and by systems programmers to expose
 the classes of bugs which only or more frequently manifest themselves when
 the system is under heavy load.

Package: iftop
Version: 1.0~pre4-7
Priority: optional
Section: universe/net
Origin: Ubuntu
Maintainer: Ubuntu Developers <ubuntu-devel-discuss@lists.ubuntu.com>
Original-Maintainer: Markus Koschany <apo@debian.org>
Bugs: https://bugs.launchpad.net/ubuntu/+filebug
Installed-Size: 95.2 kB
Depends: libc6 (>= 2.29), libncurses6 (>= 6), libpcap0.8 (>= 0.9.8), libtinfo6 (>= 6)
Homepage: http://www.ex-parrot.com/~pdw/iftop/
Download-Size: 35.6 kB
APT-Manual-Installed: yes
APT-Sources: http://us.archive.ubuntu.com/ubuntu jammy/universe amd64 Packages
Description: displays bandwidth usage information on an network interface
 iftop does for network usage what top(1) does for CPU usage. It listens to
 network traffic on a named interface and displays a table of current bandwidth
 usage by pairs of hosts. Handy for answering the question "Why is my Internet
 link so slow?".

Package: bat
Version: 0.19.0-1ubuntu0.1
Built-Using: rust-ansi-colours (= 1.0.1-2), rustc (= 1.59.0+dfsg1-1~ubuntu2~22.04.1)
Priority: optional
Section: universe/utils
Source: rust-bat
Origin: Ubuntu
Maintainer: Ubuntu Developers <ubuntu-devel-discuss@lists.ubuntu.com>
Original-Maintainer: Debian Rust Maintainers <pkg-rust-maintainers@alioth-lists.debian.net>
Bugs: https://bugs.launchpad.net/ubuntu/+filebug
Installed-Size: 4,442 kB
Depends: libc6 (>= 2.34), libgcc-s1 (>= 4.2), libgit2-1.1 (>= 1.1.0)
Homepage: https://github.com/sharkdp/bat
X-Cargo-Built-Using: rust-adler (= 1.0.2-2), rust-aho-corasick (= 0.7.10-1), rust-ansi-colours (= 1.0.1-2), rust-ansi-term (= 0.12.1-1), rust-atty (= 0.2.14-2), rust-base64 (= 0.13.0-1), rust-bincode (= 1.3.3-1), rust-bitflags (= 1.3.2-2), rust-bstr (= 0.2.17-1), rust-byteorder (= 1.4.3-2), rust-cfg-if-0.1 (= 0.1.10-2), rust-cfg-if (= 1.0.0-1), rust-chrono (= 0.4.19-3), rust-clap-2 (= 2.33.3-1), rust-clircle (= 0.3.0-1), rust-console (= 0.13.0-2), rust-content-inspector (= 0.2.4-1), rust-crc32fast (= 1.2.0-1), rust-dirs-next (= 2.0.0-1), rust-dirs-sys-next (= 0.1.1-1), rust-dtoa (= 0.4.3-1), rust-encoding (= 0.2.33-1), rust-encoding-index-japanese (= 1.20141219.5-1), rust-encoding-index-korean (= 1.20141219.5-1), rust-encoding-index-simpchinese (= 1.20141219.5-1), rust-encoding-index-singlebyte (= 1.20141219.5-1), rust-encoding-index-tests (= 0.1.4-1), rust-encoding-index-tradchinese (= 1.20141219.5-1), rust-flate2 (= 1.0.22-1), rust-fnv (= 1.0.6-1), rust-form-urlencoded (= 1.0.1-1), rust-git2 (= 0.13.23-2), rust-globset (= 0.4.8-2), rust-grep-cli (= 0.1.6-2), rust-hashbrown (= 0.11.2-2), rust-idna (= 0.2.0-1), rust-indexmap (= 1.7.0-1), rust-itoa (= 0.4.8-1), rust-lazy-static (= 1.4.0-1), rust-lazycell (= 1.3.0-3), rust-libc (= 0.2.103-1), rust-libgit2-sys (= 0.12.24-3), rust-libz-sys (= 1.1.2-3), rust-line-wrap (= 0.1.1-1), rust-linked-hash-map (= 0.5.4-1), rust-log (= 0.4.11-2), rust-matches (= 0.1.8-1), rust-memchr (= 2.4.1-1), rust-miniz-oxide (= 0.4.4-2), rust-num-integer (= 0.1.44-1), rust-num-traits (= 0.2.14-1), rust-once-cell (= 1.9.0-2), rust-onig (= 6.1.0-1), rust-onig-sys (= 69.5.1-4), rust-path-abs (= 0.5.1-1), rust-percent-encoding (= 2.1.0-2), rust-plist (= 1.0.0-2), rust-regex-automata (= 0.1.8-2), rust-regex (= 1.5.4-1ubuntu0.1), rust-regex-syntax (= 0.6.25-1), rust-ryu (= 1.0.2-1), rust-safemem (= 0.3.3-1), rust-same-file (= 1.0.6-1), rust-semver (= 1.0.4-1), rust-serde (= 1.0.130-2), rust-serde-json (= 1.0.45-1), rust-serde-yaml (= 0.8.11-2), rust-shell-words (= 1.0.0-1), rust-smallvec (= 1.7.0-1), rust-std-prelude (= 0.2.12-1), rust-strsim (= 0.9.3-1), rust-syntect (= 4.6.0-1), rust-term-size (= 0.3.1-2), rust-termcolor (= 1.1.2-1), rust-terminal-size (= 0.1.17-2), rust-textwrap (= 0.11.0-1build1), rust-thiserror (= 1.0.20-1), rust-unicode-bidi (= 0.3.7-1), rust-unicode-normalization (= 0.1.12-1), rust-unicode-width (= 0.1.8-1), rust-url (= 2.2.2-1), rust-vec-map (= 0.8.1-2), rust-walkdir (= 2.3.1-1), rust-wild (= 2.0.2-1), rust-xml-rs (= 0.8.3-1), rust-yaml-rust (= 0.4.5-1), rustc (= 1.59.0+dfsg1-1~ubuntu2~22.04.1)
Download-Size: 1,951 kB
APT-Manual-Installed: yes
APT-Sources: http://us.archive.ubuntu.com/ubuntu jammy-updates/universe amd64 Packages
Description: cat(1) clone with syntax highlighting and git integration
 bat is a drop-in cat(1) replacement featuring:
 .
  * syntax highlighting for a large number of languages;
  * git integration;
  * automatic paging;
  * a user-friendly command-line interface.
 .
 In this package the executable and its manpage have been renamed from ‘bat’ to
 ‘batcat’ because of a file name clash with another Debian package.

Package: gnupg
Version: 2.2.27-3ubuntu2.1
Priority: optional
Section: utils
Source: gnupg2
Origin: Ubuntu
Maintainer: Ubuntu Developers <ubuntu-devel-discuss@lists.ubuntu.com>
Original-Maintainer: Debian GnuPG Maintainers <pkg-gnupg-maint@lists.alioth.debian.org>
Bugs: https://bugs.launchpad.net/ubuntu/+filebug
Installed-Size: 484 kB
Depends: dirmngr (<< 2.2.27-3ubuntu2.1.1~), dirmngr (>= 2.2.27-3ubuntu2.1), gnupg-l10n (= 2.2.27-3ubuntu2.1), gnupg-utils (<< 2.2.27-3ubuntu2.1.1~), gnupg-utils (>= 2.2.27-3ubuntu2.1), gpg (<< 2.2.27-3ubuntu2.1.1~), gpg (>= 2.2.27-3ubuntu2.1), gpg-agent (<< 2.2.27-3ubuntu2.1.1~), gpg-agent (>= 2.2.27-3ubuntu2.1), gpg-wks-client (<< 2.2.27-3ubuntu2.1.1~), gpg-wks-client (>= 2.2.27-3ubuntu2.1), gpg-wks-server (<< 2.2.27-3ubuntu2.1.1~), gpg-wks-server (>= 2.2.27-3ubuntu2.1), gpgsm (<< 2.2.27-3ubuntu2.1.1~), gpgsm (>= 2.2.27-3ubuntu2.1), gpgv (<< 2.2.27-3ubuntu2.1.1~), gpgv (>= 2.2.27-3ubuntu2.1)
Suggests: parcimonie, xloadimage
Breaks: debsig-verify (<< 0.15), dirmngr (<< 2.2.27-3ubuntu2.1), gnupg2 (<< 2.1.11-7+exp1), libgnupg-interface-perl (<< 0.52-3), libgnupg-perl (<= 0.19-1), libmail-gnupg-perl (<= 0.22-1), monkeysphere (<< 0.38~), php-crypt-gpg (<= 1.4.1-1), python-apt (<= 1.1.0~beta4), python-gnupg (<< 0.3.8-3), python3-apt (<= 1.1.0~beta4)
Replaces: gnupg2 (<< 2.1.11-7+exp1)
Homepage: https://www.gnupg.org/
Task: ubuntu-desktop-minimal, samba-server, ubuntu-desktop, cloud-image, ubuntu-desktop-raspi, ubuntu-wsl, mail-server, server, ubuntu-server-raspi, kubuntu-desktop, xubuntu-core, xubuntu-desktop, lubuntu-desktop, ubuntustudio-desktop-core, ubuntustudio-desktop, ubuntukylin-desktop, ubuntu-mate-core, ubuntu-mate-desktop, ubuntu-budgie-desktop, ubuntu-budgie-desktop-raspi
Download-Size: 315 kB
APT-Manual-Installed: yes
APT-Sources: http://us.archive.ubuntu.com/ubuntu jammy-updates/main amd64 Packages
Description: GNU privacy guard - a free PGP replacement
 GnuPG is GNU's tool for secure communication and data storage.
 It can be used to encrypt data and to create digital signatures.
 It includes an advanced key management facility and is compliant
 with the proposed OpenPGP Internet standard as described in RFC4880.
 .
 This package contains the full suite of GnuPG tools for cryptographic
 communications and data storage.

Package: net-tools
Version: 1.60+git20181103.0eebece-1ubuntu5
Priority: optional
Section: net
Origin: Ubuntu
Maintainer: Ubuntu Developers <ubuntu-devel-discuss@lists.ubuntu.com>
Original-Maintainer: net-tools Team <team+net-tools@tracker.debian.org>
Bugs: https://bugs.launchpad.net/ubuntu/+filebug
Installed-Size: 819 kB
Depends: libc6 (>= 2.34), libselinux1 (>= 3.1~)
Homepage: http://sourceforge.net/projects/net-tools/
Task: ubuntukylin-desktop
Download-Size: 204 kB
APT-Manual-Installed: yes
APT-Sources: http://us.archive.ubuntu.com/ubuntu jammy/main amd64 Packages
Description: NET-3 networking toolkit
 This package includes the important tools for controlling the network
 subsystem of the Linux kernel.  This includes arp, ifconfig, netstat,
 rarp, nameif and route.  Additionally, this package contains utilities
 relating to particular network hardware types (plipconfig, slattach,
 mii-tool) and advanced aspects of IP configuration (iptunnel, ipmaddr).
 .
 In the upstream package 'hostname' and friends are included. Those are
 not installed by this package, since there is a special "hostname*.deb".

Package: golang
Version: 2:1.18~0ubuntu2
Priority: optional
Section: devel
Source: golang-defaults
Origin: Ubuntu
Maintainer: Ubuntu Developers <ubuntu-devel-discuss@lists.ubuntu.com>
Original-Maintainer: Debian Go Compiler Team <team+go-compiler@tracker.debian.org>
Bugs: https://bugs.launchpad.net/ubuntu/+filebug
Installed-Size: 12.3 kB
Depends: golang-1.18, golang-doc (>= 2:1.18~0ubuntu2), golang-go (>= 2:1.18~0ubuntu2), golang-src (>= 2:1.18~0ubuntu2)
Homepage: https://golang.org
Download-Size: 2,732 B
APT-Manual-Installed: yes
APT-Sources: http://us.archive.ubuntu.com/ubuntu jammy/main amd64 Packages
Description: Go programming language compiler - metapackage
 The Go programming language is an open source project to make
 programmers more productive. Go is expressive, concise, clean, and
 efficient. Its concurrency mechanisms make it easy to write programs
 that get the most out of multicore and networked machines, while its
 novel type system enables flexible and modular program construction.
 Go compiles quickly to machine code yet has the convenience of
 garbage collection and the power of run-time reflection. It's a
 fast, statically typed, compiled language that feels like a
 dynamically typed, interpreted language.
 .
 This package is a metapackage that, when installed, guarantees
 that (most of) a full Go development environment is installed.

Package: libssl-dev
Version: 3.0.2-0ubuntu1.7
Priority: optional
Section: libdevel
Source: openssl
Origin: Ubuntu
Maintainer: Ubuntu Developers <ubuntu-devel-discuss@lists.ubuntu.com>
Original-Maintainer: Debian OpenSSL Team <pkg-openssl-devel@alioth-lists.debian.net>
Bugs: https://bugs.launchpad.net/ubuntu/+filebug
Installed-Size: 12.4 MB
Depends: libssl3 (= 3.0.2-0ubuntu1.7)
Suggests: libssl-doc
Conflicts: libssl1.0-dev
Homepage: https://www.openssl.org/
Download-Size: 2,372 kB
APT-Manual-Installed: yes
APT-Sources: http://us.archive.ubuntu.com/ubuntu jammy-updates/main amd64 Packages
Description: Secure Sockets Layer toolkit - development files
 This package is part of the OpenSSL project's implementation of the SSL
 and TLS cryptographic protocols for secure communication over the
 Internet.
 .
 It contains development libraries, header files, and manpages for libssl
 and libcrypto.

Package: cloc
Version: 1.90-1
Priority: optional
Section: universe/devel
Origin: Ubuntu
Maintainer: Ubuntu Developers <ubuntu-devel-discuss@lists.ubuntu.com>
Original-Maintainer: Jari Aalto <jari.aalto@cante.net>
Bugs: https://bugs.launchpad.net/ubuntu/+filebug
Installed-Size: 636 kB
Depends: libalgorithm-diff-perl, libparallel-forkmanager-perl, libregexp-common-perl, perl:any
Homepage: https://github.com/AlDanial/cloc
Download-Size: 106 kB
APT-Manual-Installed: yes
APT-Sources: http://us.archive.ubuntu.com/ubuntu jammy/universe amd64 Packages
Description: statistics utility to count lines of code
 Count physical lines of source code in the given files (may be
 archives such as compressed tarballs or zip files) and/or
 recursively below the given directories.
 .
 Counts blank lines, comment lines, and physical lines of source code
 in many programming languages. It is written entirely in Perl, using
 only modules from the standard distribution.

Package: parallel
Version: 20210822+ds-2
Priority: extra
Section: universe/utils
Origin: Ubuntu
Maintainer: Ubuntu Developers <ubuntu-devel-discuss@lists.ubuntu.com>
Original-Maintainer: Debian Med Packaging Team <debian-med-packaging@lists.alioth.debian.org>
Bugs: https://bugs.launchpad.net/ubuntu/+filebug
Installed-Size: 3,014 kB
Depends: procps, sysstat, perl:any
Suggests: ash, csh, fish, ksh, tcsh, zsh
Homepage: https://www.gnu.org/software/parallel/
Download-Size: 1,947 kB
APT-Manual-Installed: yes
APT-Sources: http://us.archive.ubuntu.com/ubuntu jammy/universe amd64 Packages
Description: build and execute command lines from standard input in parallel
 GNU Parallel is a shell tool for executing jobs in parallel using one
 or more machines. A job is typically a single command or a small
 script that has to be run for each of the lines in the input. The
 typical input is a list of files, a list of hosts, a list of users, or
 a list of tables.
 .
 If you use xargs today you will find GNU Parallel very easy to use. If
 you write loops in shell, you will find GNU Parallel may be able to
 replace most of the loops and make them run faster by running jobs in
 parallel. If you use ppss or pexec you will find GNU Parallel will
 often make the command easier to read.
 .
 GNU Parallel also makes sure output from the commands is the same
 output as you would get had you run the commands sequentially. This
 makes it possible to use output from GNU Parallel as input for other
 programs.

Package: bmon
Version: 1:4.0-8
Priority: optional
Section: universe/net
Origin: Ubuntu
Maintainer: Ubuntu Developers <ubuntu-devel-discuss@lists.ubuntu.com>
Original-Maintainer: Patrick Matthäi <pmatthaei@debian.org>
Bugs: https://bugs.launchpad.net/ubuntu/+filebug
Installed-Size: 141 kB
Depends: libc6 (>= 2.34), libconfuse2 (>= 3.2.1~), libncursesw6 (>= 6), libnl-3-200 (>= 3.2.7), libnl-route-3-200 (>= 3.2.7), libtinfo6 (>= 6)
Homepage: http://www.infradead.org/~tgr/bmon/
Download-Size: 48.1 kB
APT-Manual-Installed: yes
APT-Sources: http://us.archive.ubuntu.com/ubuntu jammy/universe amd64 Packages
Description: portable bandwidth monitor and rate estimator
 bmon is a commandline bandwidth monitor which supports various output
 methods including an interactive curses interface, lightweight HTML output but
 also simple ASCII output.
 .
 Statistics may be distributed over a network using multicast or unicast and
 collected at some point to generate a summary of statistics for a set of
 nodes.

Package: iperf3
Version: 3.9-1build1
Priority: optional
Section: universe/net
Origin: Ubuntu
Maintainer: Ubuntu Developers <ubuntu-devel-discuss@lists.ubuntu.com>
Original-Maintainer: Roberto Lumbreras <rover@debian.org>
Bugs: https://bugs.launchpad.net/ubuntu/+filebug
Installed-Size: 61.4 kB
Depends: libc6 (>= 2.34), libiperf0 (>= 3.1.3)
Homepage: http://software.es.net/iperf/
Download-Size: 14.6 kB
APT-Manual-Installed: yes
APT-Sources: http://us.archive.ubuntu.com/ubuntu jammy/universe amd64 Packages
Description: Internet Protocol bandwidth measuring tool
 Iperf3 is a tool for performing network throughput measurements. It can
 test either TCP or UDP throughput.
 .
 This is a new implementation that shares no code with the original
 iperf from NLANR/DAST and also is not backwards compatible.
 .
 This package contains the command line utility.

Package: openssh-server
Version: 1:8.9p1-3
Priority: optional
Section: net
Source: openssh
Origin: Ubuntu
Maintainer: Ubuntu Developers <ubuntu-devel-discuss@lists.ubuntu.com>
Original-Maintainer: Debian OpenSSH Maintainers <debian-ssh@lists.debian.org>
Bugs: https://bugs.launchpad.net/ubuntu/+filebug
Installed-Size: 1,537 kB
Provides: ssh-server
Pre-Depends: init-system-helpers (>= 1.54~)
Depends: adduser (>= 3.9), dpkg (>= 1.9.0), libpam-modules (>= 0.72-9), libpam-runtime (>= 0.76-14), lsb-base (>= 4.1+Debian3), openssh-client (= 1:8.9p1-3), openssh-sftp-server, procps, ucf (>= 0.28), debconf (>= 0.5) | debconf-2.0, libaudit1 (>= 1:2.2.1), libc6 (>= 2.34), libcom-err2 (>= 1.43.9), libcrypt1 (>= 1:4.1.0), libgssapi-krb5-2 (>= 1.17), libkrb5-3 (>= 1.13~alpha1+dfsg), libpam0g (>= 0.99.7.1), libselinux1 (>= 3.1~), libssl3 (>= 3.0.1), libsystemd0, libwrap0 (>= 7.6-4~), zlib1g (>= 1:1.1.4)
Recommends: default-logind | logind | libpam-systemd, ncurses-term, xauth, ssh-import-id
Suggests: molly-guard, monkeysphere, ssh-askpass, ufw
Conflicts: sftp, ssh-socks, ssh2
Replaces: openssh-client (<< 1:7.9p1-8), ssh, ssh-krb5
Homepage: http://www.openssh.com/
Task: cloud-image, openssh-server
Download-Size: 434 kB
APT-Manual-Installed: yes
APT-Sources: http://us.archive.ubuntu.com/ubuntu jammy/main amd64 Packages
Description: secure shell (SSH) server, for secure access from remote machines
 This is the portable version of OpenSSH, a free implementation of
 the Secure Shell protocol as specified by the IETF secsh working
 group.
 .
 Ssh (Secure Shell) is a program for logging into a remote machine
 and for executing commands on a remote machine.
 It provides secure encrypted communications between two untrusted
 hosts over an insecure network. X11 connections and arbitrary TCP/IP
 ports can also be forwarded over the secure channel.
 It can be used to provide applications with a secure communication
 channel.
 .
 This package provides the sshd server.
 .
 In some countries it may be illegal to use any encryption at all
 without a special permit.
 .
 sshd replaces the insecure rshd program, which is obsolete for most
 purposes.

Package: iptraf-ng
Version: 1:1.2.1-1build2
Priority: optional
Section: net
Origin: Ubuntu
Maintainer: Ubuntu Developers <ubuntu-devel-discuss@lists.ubuntu.com>
Original-Maintainer: Aron Xu <aron@debian.org>
Bugs: https://bugs.launchpad.net/ubuntu/+filebug
Installed-Size: 693 kB
Provides: iptraf
Depends: libc6 (>= 2.34), libncursesw6 (>= 6), libtinfo6 (>= 6)
Homepage: https://github.com/iptraf-ng/iptraf-ng
Download-Size: 240 kB
APT-Manual-Installed: yes
APT-Sources: http://us.archive.ubuntu.com/ubuntu jammy/main amd64 Packages
Description: Next Generation Interactive Colorful IP LAN Monitor
 IPTraf-ng is an ncurses-based IP LAN monitor that generates various network
 statistics including TCP info, UDP counts, ICMP and OSPF information,
 Ethernet load info, node stats, IP checksum errors, and others.
 .
 IPTraf-ng is the next generation of IPTraf started as a fork of original
 iptraf-3.0.0.

Package: pgpdump
Version: 0.34-1
Priority: optional
Section: universe/utils
Origin: Ubuntu
Maintainer: Ubuntu Developers <ubuntu-devel-discuss@lists.ubuntu.com>
Original-Maintainer: Debian GnuPG Maintainers <pkg-gnupg-maint@lists.alioth.debian.org>
Bugs: https://bugs.launchpad.net/ubuntu/+filebug
Installed-Size: 72.7 kB
Depends: libbz2-1.0, libc6 (>= 2.34), zlib1g (>= 1:1.1.4)
Homepage: https://www.mew.org/~kazu/proj/pgpdump/en/
Download-Size: 21.9 kB
APT-Manual-Installed: yes
APT-Sources: http://us.archive.ubuntu.com/ubuntu jammy/universe amd64 Packages
Description: PGP packet visualizer
 pgpdump displays the sequence of OpenPGP or PGP version 2 packets from
 a file.
 .
 The output of this command is similar to the one of GnuPG's `list
 packets' command, however, pgpdump produces a more detailed and easier
 to understand.

Package: iproute2
Version: 5.15.0-1ubuntu2
Priority: important
Section: net
Origin: Ubuntu
Maintainer: Ubuntu Developers <ubuntu-devel-discuss@lists.ubuntu.com>
Original-Maintainer: Alexander Wirt <formorer@debian.org>
Bugs: https://bugs.launchpad.net/ubuntu/+filebug
Installed-Size: 2,949 kB
Provides: arpd
Depends: debconf (>= 0.5) | debconf-2.0, libbpf0 (>= 1:0.2), libbsd0 (>= 0.0), libc6 (>= 2.34), libcap2 (>= 1:2.10), libdb5.3, libelf1 (>= 0.131), libmnl0 (>= 1.0.3-4~), libselinux1 (>= 3.1~), libxtables12 (>= 1.6.0+snapshot20161117), libcap2-bin
Recommends: libatm1 (>= 2.4.1-17~)
Suggests: iproute2-doc
Conflicts: arpd, iproute (<< 20130000-1)
Replaces: iproute
Homepage: https://wiki.linuxfoundation.org/networking/iproute2
Task: minimal, server-minimal
Download-Size: 1,070 kB
APT-Manual-Installed: no
APT-Sources: http://us.archive.ubuntu.com/ubuntu jammy/main amd64 Packages
Description: networking and traffic control tools
 The iproute2 suite is a collection of utilities for networking and
 traffic control.
 .
 These tools communicate with the Linux kernel via the (rt)netlink
 interface, providing advanced features not available through the
 legacy net-tools commands 'ifconfig' and 'route'.

Package: wireshark
Version: 3.6.2-2
Priority: optional
Section: universe/net
Origin: Ubuntu
Maintainer: Ubuntu Developers <ubuntu-devel-discuss@lists.ubuntu.com>
Original-Maintainer: Balint Reczey <balint@balintreczey.hu>
Bugs: https://bugs.launchpad.net/ubuntu/+filebug
Installed-Size: 61.4 kB
Depends: wireshark-qt (= 3.6.2-2)
Homepage: https://www.wireshark.org/
Download-Size: 4,992 B
APT-Manual-Installed: yes
APT-Sources: http://us.archive.ubuntu.com/ubuntu jammy/universe amd64 Packages
Description: network traffic analyzer - meta-package
 Wireshark is a network "sniffer" - a tool that captures and analyzes
 packets off the wire. Wireshark can decode too many protocols to list
 here.
 .
 This is a meta-package for Wireshark.

Package: speedometer
Version: 2.8-3
Priority: optional
Section: universe/utils
Origin: Ubuntu
Maintainer: Ubuntu Developers <ubuntu-devel-discuss@lists.ubuntu.com>
Original-Maintainer: Giovani Augusto Ferreira <giovani@debian.org>
Bugs: https://bugs.launchpad.net/ubuntu/+filebug
Installed-Size: 50.2 kB
Depends: python3-psutil, python3-setuptools, python3-six, python3-urwid, python3:any
Homepage: http://excess.org/speedometer
Download-Size: 14.6 kB
APT-Manual-Installed: yes
APT-Sources: http://us.archive.ubuntu.com/ubuntu jammy/universe amd64 Packages
Description: measure and display the rate of data across a network connection
 Monitor network traffic or speed/progress of a file transfer. The
 program can be used for cases like:
 .
  - how long it will take for 38 MiB transfer to finish
  - how quickly is another transfer going
  - how fast is the upstream on this ADSL line
  - how fast is data written to a filesystem.

Package: jq
Version: 1.6-2.1ubuntu3
Priority: optional
Section: utils
Origin: Ubuntu
Maintainer: Ubuntu Developers <ubuntu-devel-discuss@lists.ubuntu.com>
Original-Maintainer: ChangZhuo Chen (陳昌倬) <czchen@debian.org>
Bugs: https://bugs.launchpad.net/ubuntu/+filebug
Installed-Size: 102 kB
Depends: libjq1 (= 1.6-2.1ubuntu3), libc6 (>= 2.34)
Homepage: https://github.com/stedolan/jq
Download-Size: 52.5 kB
APT-Manual-Installed: yes
APT-Sources: http://us.archive.ubuntu.com/ubuntu jammy/main amd64 Packages
Description: lightweight and flexible command-line JSON processor
 jq is like sed for JSON data – you can use it to slice
 and filter and map and transform structured data with
 the same ease that sed, awk, grep and friends let you
 play with text.
 .
 It is written in portable C, and it has minimal runtime
 dependencies.
 .
 jq can mangle the data format that you have into the
 one that you want with very little effort, and the
 program to do so is often shorter and simpler than
 you’d expect.

Package: socat
Version: 1.7.4.1-3ubuntu4
Priority: extra
Section: net
Origin: Ubuntu
Maintainer: Ubuntu Developers <ubuntu-devel-discuss@lists.ubuntu.com>
Original-Maintainer: Laszlo Boszormenyi (GCS) <gcs@debian.org>
Bugs: https://bugs.launchpad.net/ubuntu/+filebug
Installed-Size: 1,381 kB
Depends: libc6 (>= 2.34), libssl3 (>= 3.0.0~~alpha1), libwrap0 (>= 7.6-4~)
Homepage: http://www.dest-unreach.org/socat/
Task: kubuntu-desktop, ubuntustudio-desktop-core, ubuntustudio-desktop
Download-Size: 349 kB
APT-Manual-Installed: yes
APT-Sources: http://us.archive.ubuntu.com/ubuntu jammy/main amd64 Packages
Description: multipurpose relay for bidirectional data transfer
 Socat (for SOcket CAT) establishes two bidirectional byte streams
 and transfers data between them. Data channels may be files, pipes,
 devices (terminal or modem, etc.), or sockets (Unix, IPv4, IPv6, raw,
 UDP, TCP, SSL). It provides forking, logging and tracing, different
 modes for interprocess communication and many more options.
 .
 It can be used, for example, as a TCP relay (one-shot or daemon),
 as an external socksifier, as a shell interface to Unix sockets,
 as an IPv6 relay, as a netcat and rinetd replacement, to redirect
 TCP-oriented programs to a serial line, or to establish a relatively
 secure environment (su and chroot) for running client or server shell
 scripts inside network connections. Socat supports sctp as of 1.7.0.

Package: autoconf
Version: 2.71-2
Priority: optional
Section: devel
Origin: Ubuntu
Maintainer: Ubuntu Developers <ubuntu-devel-discuss@lists.ubuntu.com>
Original-Maintainer: Debian QA Group <packages@qa.debian.org>
Bugs: https://bugs.launchpad.net/ubuntu/+filebug
Installed-Size: 2,081 kB
Depends: perl (>> 5.005), m4 (>= 1.4.13), debianutils (>= 1.8)
Recommends: automake | automaken
Suggests: autoconf-archive, gnu-standards, autoconf-doc, libtool, gettext
Breaks: gettext (<< 0.10.39), pkg-config (<< 0.25-1.1)
Homepage: https://www.gnu.org/software/autoconf/
Download-Size: 338 kB
APT-Manual-Installed: yes
APT-Sources: http://us.archive.ubuntu.com/ubuntu jammy/main amd64 Packages
Description: automatic configure script builder
 The standard for FSF source packages.  This is only useful if you
 write your own programs or if you extensively modify other people's
 programs.
 .
 For an extensive library of additional Autoconf macros, install the
 `autoconf-archive' package.
 .
 This version of autoconf is not compatible with scripts meant for
 Autoconf 2.13 or earlier.

Package: nikto
Version: 1:2.1.5-3.1
Priority: extra
Section: multiverse/net
Origin: Ubuntu
Maintainer: Ubuntu Developers <ubuntu-devel-discuss@lists.ubuntu.com>
Original-Maintainer: Vincent Bernat <bernat@debian.org>
Bugs: https://bugs.launchpad.net/ubuntu/+filebug
Installed-Size: 1,909 kB
Depends: perl:any, libwhisker2-perl (>= 2.5), libjson-pp-perl, libnet-ssleay-perl
Suggests: nmap
Homepage: http://cirt.net/nikto2
Download-Size: 246 kB
APT-Manual-Installed: yes
APT-Sources: http://us.archive.ubuntu.com/ubuntu jammy/multiverse amd64 Packages
Description: web server security scanner
 Nikto is a pluggable web server and CGI scanner written in Perl, using
 rfp's LibWhisker to perform fast security or informational checks.
 .
 Features:
  - Easily updatable CSV-format checks database
  - Output reports in plain text or HTML
  - Available HTTP versions automatic switching
  - Generic as well as specific server software checks
  - SSL support (through libnet-ssleay-perl)
  - Proxy support (with authentication)
  - Cookies support

Package: zenity
Version: 3.42.1-0ubuntu1
Priority: optional
Section: gnome
Origin: Ubuntu
Maintainer: Ubuntu Developers <ubuntu-devel-discuss@lists.ubuntu.com>
Original-Maintainer: Debian GNOME Maintainers <pkg-gnome-maintainers@lists.alioth.debian.org>
Bugs: https://bugs.launchpad.net/ubuntu/+filebug
Installed-Size: 182 kB
Depends: libc6 (>= 2.34), libgdk-pixbuf-2.0-0 (>= 2.22.0), libglib2.0-0 (>= 2.24.0), libgtk-3-0 (>= 3.19.12), libnotify4 (>= 0.7.0), libpango-1.0-0 (>= 1.14.0), libwebkit2gtk-4.0-37 (>= 2.15.1), libx11-6, zenity-common (>= 3.42.1-0ubuntu1)
Homepage: https://wiki.gnome.org/Projects/Zenity
Task: ubuntu-desktop-minimal, ubuntu-desktop, xubuntu-desktop, ubuntustudio-desktop, ubuntukylin-desktop, ubuntu-mate-core, ubuntu-mate-desktop, ubuntu-budgie-desktop, ubuntu-budgie-desktop-raspi
Download-Size: 67.3 kB
APT-Manual-Installed: no
APT-Sources: http://us.archive.ubuntu.com/ubuntu jammy-updates/main amd64 Packages
Description: Display graphical dialog boxes from shell scripts
 Zenity allows you to display GTK+ dialogs from shell scripts; it is a
 rewrite of the `gdialog' command from GNOME 1.
 .
 Zenity includes a gdialog wrapper script so that it can be used with
 legacy scripts.

Package: unzip
Version: 6.0-26ubuntu3.1
Priority: optional
Section: utils
Origin: Ubuntu
Maintainer: Ubuntu Developers <ubuntu-devel-discuss@lists.ubuntu.com>
Original-Maintainer: Santiago Vila <sanvila@debian.org>
Bugs: https://bugs.launchpad.net/ubuntu/+filebug
Installed-Size: 385 kB
Depends: libbz2-1.0, libc6 (>= 2.34)
Suggests: zip
Homepage: http://www.info-zip.org/UnZip.html
Task: ubuntu-desktop-minimal, ubuntu-desktop, ubuntu-desktop-raspi, kubuntu-desktop, xubuntu-core, xubuntu-desktop, lubuntu-desktop, ubuntustudio-desktop-core, ubuntustudio-desktop, ubuntukylin-desktop, ubuntu-mate-core, ubuntu-mate-desktop, ubuntu-budgie-desktop, ubuntu-budgie-desktop-raspi
Download-Size: 174 kB
APT-Manual-Installed: no
APT-Sources: http://us.archive.ubuntu.com/ubuntu jammy-updates/main amd64 Packages
Description: De-archiver for .zip files
 InfoZIP's unzip program. With the exception of multi-volume archives
 (ie, .ZIP files that are split across several disks using PKZIP's /& option),
 this can handle any file produced either by PKZIP, or the corresponding
 InfoZIP zip program.
 .
 This version supports encryption.

Package: python3-venv
Version: 3.10.6-1~22.04
Priority: optional
Section: universe/python
Source: python3-defaults
Origin: Ubuntu
Maintainer: Ubuntu Developers <ubuntu-devel-discuss@lists.ubuntu.com>
Original-Maintainer: Matthias Klose <doko@debian.org>
Bugs: https://bugs.launchpad.net/ubuntu/+filebug
Installed-Size: 6,144 B
Depends: python3.10-venv (>= 3.10.6-1~), python3 (= 3.10.6-1~22.04), python3-distutils (>= 3.10.6-1~)
Homepage: https://www.python.org/
Download-Size: 1,038 B
APT-Manual-Installed: yes
APT-Sources: http://us.archive.ubuntu.com/ubuntu jammy-updates/universe amd64 Packages
Description: venv module for python3 (default python3 version)
 This package contains the venv module for the Python language (default python3
 version).
 .
 The venv module provides support for creating lightweight "virtual
 environments" with their own site directories, optionally isolated from system
 site directories. Each virtual environment has its own Python binary (which
 matches the version of the binary that was used to create this environment)
 and can have its own independent set of installed Python packages in its site
 directories.
 .
 This package is a dependency package, which depends on Debian's default
 Python 3 version's venv module (currently v3.10).

Package: npm
Version: 8.5.1~ds-1
Priority: extra
Section: universe/web
Origin: Ubuntu
Maintainer: Ubuntu Developers <ubuntu-devel-discuss@lists.ubuntu.com>
Original-Maintainer: Debian Javascript Maintainers <pkg-javascript-devel@lists.alioth.debian.org>
Bugs: https://bugs.launchpad.net/ubuntu/+filebug
Installed-Size: 2,711 kB
Provides: arborist (= 4.3.1), node-npm (= 8.5.1), node-npm-packlist (= 3.0.0), node-npmcli-arborist (= 4.3.1), node-npmcli-ci-detect (= 2.0.0), node-npmcli-config (= 3.0.0), node-npmcli-disparity-colors (= 1.0.1), node-npmcli-fs (= 1.1.0), node-npmcli-git (= 2.1.0), node-npmcli-installed-package-contents (= 1.0.7), node-npmcli-map-workspaces (= 2.0.0), node-npmcli-metavuln-calculator (= 2.0.0), node-npmcli-name-from-folder (= 1.0.1), node-npmcli-node-gyp (= 1.0.3), node-npmcli-package-json (= 1.0.1), node-npmcli-promise-spawn (= 1.3.2), node-npmcli-run-script (= 2.0.0), node-pacote (= 12.0.3), node-qrcode-terminal (= 0.12.0), npm-packlist (= 3.0.0), pacote (= 12.0.3), qrcode-terminal (= 0.12.0)
Depends: ca-certificates, node-abbrev, node-agent-base, node-ansistyles, node-aproba, node-archy, node-asap, node-cacache, node-chalk, node-chownr, node-cli-table3, node-colors, node-columnify, node-debug, node-depd, node-emoji-regex, node-encoding, node-glob, node-got, node-graceful-fs, node-gyp, node-hosted-git-info, node-https-proxy-agent, node-ini, node-ip, node-ip-regex, node-json-parse-better-errors, node-jsonparse, node-lru-cache, node-minimatch, node-minipass, node-mkdirp, node-ms, node-negotiator, node-nopt, node-normalize-package-data, node-npm-bundled, node-npm-package-arg, node-npmlog, node-once, node-promise-retry, node-promzard, node-read, node-read-package-json, node-rimraf, node-semver, node-ssri, node-string-width, node-strip-ansi, node-tar, node-text-table, node-validate-npm-package-license, node-validate-npm-package-name, node-which, node-wrappy, node-write-file-atomic, node-yallist, nodejs:any (>= 10)
Recommends: git, node-tap
Suggests: node-opener
Homepage: https://docs.npmjs.com/
Download-Size: 894 kB
APT-Manual-Installed: yes
APT-Sources: http://us.archive.ubuntu.com/ubuntu jammy/universe amd64 Packages
Description: package manager for Node.js
 Node.js is an event-based server-side javascript engine.
 .
 npm is the package manager for the Node JavaScript platform.  It puts
 modules in place so that node can find them, and manages dependency
 conflicts intelligently.
 .
 It is extremely configurable to support a wide variety of use cases.
 Most commonly, it is used to publish, discover, install, and develop
 node programs.
 .
 Install also node-opener to have full npm features enabled.

Package: sipcalc
Version: 1.1.6-1
Priority: optional
Section: universe/net
Origin: Ubuntu
Maintainer: Ubuntu Developers <ubuntu-devel-discuss@lists.ubuntu.com>
Original-Maintainer: Marc Haber <dispatch+sipcalc_contact@tracker.debian.org>
Bugs: https://bugs.launchpad.net/ubuntu/+filebug
Installed-Size: 74.8 kB
Depends: libc6 (>= 2.4)
Homepage: http://www.routemeister.net/projects/sipcalc/
Download-Size: 30.2 kB
APT-Manual-Installed: yes
APT-Sources: http://us.archive.ubuntu.com/ubuntu jammy/universe amd64 Packages
Description: Advanced console-based ip subnet calculator
 Sipcalc is an advanced console-based IP subnet calculator. It can take
 multiple forms of input (IPv4/IPv6/interface/hostname) and output a
 multitude of information about a given subnet.
 .
 Features include:
  - IPv4
   * Retrieving of address information from interfaces.
   * Classfull and CIDR output.
   * Multiple address and netmask input and output formats (dotted
     quad, hex, number of bits).
   * Output of broadcast address, network class, Cisco wildcard, hosts/range,
     network range.
   * The ability to "split" a network based on a smaller netmask, now also with
     recursive runs on the generated subnets. (also IPv6)
  - IPv6
   * Compressed and expanded input and output addresses.
   * Standard IPv6 network output.
   * v4 in v6 output.
   * Reverse DNS address generation.

Package: ngrep
Version: 1.47+ds1-5
Priority: optional
Section: universe/net
Origin: Ubuntu
Maintainer: Ubuntu Developers <ubuntu-devel-discuss@lists.ubuntu.com>
Original-Maintainer: Romain Francoise <rfrancoise@debian.org>
Bugs: https://bugs.launchpad.net/ubuntu/+filebug
Installed-Size: 74.8 kB
Depends: libc6 (>= 2.34), libnet1 (>= 1.1.2.1), libpcap0.8 (>= 0.9.8), libpcre2-8-0 (>= 10.22)
Homepage: https://github.com/jpr5/ngrep
Download-Size: 33.1 kB
APT-Manual-Installed: yes
APT-Sources: http://us.archive.ubuntu.com/ubuntu jammy/universe amd64 Packages
Description: grep for network traffic
 ngrep strives to provide most of GNU grep's common features,
 applying them to the network layer.  ngrep is a pcap-aware tool that
 will allow you to specify extended regular expressions to match
 against data payloads of packets.  It currently recognizes TCP, UDP
 and ICMP across Ethernet, PPP, SLIP and null interfaces, and
 understands bpf filter logic in the same fashion as more common
 packet sniffing tools, such as tcpdump and snoop.

Package: dos2unix
Version: 7.4.2-2
Priority: extra
Section: universe/text
Origin: Ubuntu
Maintainer: Ubuntu Developers <ubuntu-devel-discuss@lists.ubuntu.com>
Original-Maintainer: tony mancill <tmancill@debian.org>
Bugs: https://bugs.launchpad.net/ubuntu/+filebug
Installed-Size: 1,367 kB
Depends: libc6 (>= 2.34)
Homepage: https://waterlan.home.xs4all.nl/dos2unix.html
Download-Size: 384 kB
APT-Manual-Installed: yes
APT-Sources: http://us.archive.ubuntu.com/ubuntu jammy/universe amd64 Packages
Description: convert text file line endings between CRLF and LF
 This package contains utilities dos2unix, unix2dos, mac2unix,
 unix2mac to convert the line endings of text files between UNIX (LF),
 DOS (CRLF) and Mac (CR) formats.
 .
 Text files under Windows and DOS typically have two ASCII characters
 at the end of each line: CR (carriage return) followed by LF (line
 feed). Older Macs used just CR, while UNIX uses just LF. While most
 modern editors can read all these formats, there may still be a need
 to convert files between them.
 .
 This is the classic utility developed in 1989.

Package: procps
Version: 2:3.3.17-6ubuntu2
Priority: required
Section: admin
Origin: Ubuntu
Maintainer: Ubuntu Developers <ubuntu-devel-discuss@lists.ubuntu.com>
Original-Maintainer: Craig Small <csmall@debian.org>
Bugs: https://bugs.launchpad.net/ubuntu/+filebug
Installed-Size: 1,421 kB
Provides: watch
Depends: libc6 (>= 2.34), libncurses6 (>= 6), libncursesw6 (>= 6), libprocps8 (>= 2:3.3.16-1), libtinfo6 (>= 6), lsb-base (>= 3.0-10), init-system-helpers (>= 1.29~)
Recommends: psmisc
Breaks: guymager (<= 0.5.9-1), manpages-de (<< 4.9.1-2), manpages-fr (<< 4.9.1-2), manpages-fr-extra (<< 20151231+nmu1), manpages-pl (<< 1:4.9.1-2), open-vm-tools (<= 2011.12.20-562307-1)
Replaces: manpages-de (<< 4.9.1-2), manpages-fr (<< 4.9.1-2), manpages-fr-extra (<< 20151231+nmu1), manpages-pl (<< 1:4.9.1-2)
Homepage: https://gitlab.com/procps-ng/procps
Task: minimal, server-minimal
Download-Size: 377 kB
APT-Manual-Installed: no
APT-Sources: http://us.archive.ubuntu.com/ubuntu jammy/main amd64 Packages
Description: /proc file system utilities
 This package provides command line and full screen utilities for browsing
 procfs, a "pseudo" file system dynamically generated by the kernel to
 provide information about the status of entries in its process table
 (such as whether the process is running, stopped, or a "zombie").
 .
 It contains free, kill, pkill, pgrep, pmap, ps, pwdx, skill, slabtop,
 snice, sysctl, tload, top, uptime, vmstat, w, and watch.

Package: tree
Version: 2.0.2-1
Priority: optional
Section: universe/utils
Origin: Ubuntu
Maintainer: Ubuntu Developers <ubuntu-devel-discuss@lists.ubuntu.com>
Original-Maintainer: Florian Ernst <florian@debian.org>
Bugs: https://bugs.launchpad.net/ubuntu/+filebug
Installed-Size: 116 kB
Depends: libc6 (>= 2.34)
Homepage: http://mama.indstate.edu/users/ice/tree/
Task: xubuntu-desktop, lubuntu-desktop, ubuntu-mate-core, ubuntu-mate-desktop, ubuntu-budgie-desktop, ubuntu-budgie-desktop-raspi
Download-Size: 47.9 kB
APT-Manual-Installed: yes
APT-Sources: http://us.archive.ubuntu.com/ubuntu jammy/universe amd64 Packages
Description: displays an indented directory tree, in color
 Tree is a recursive directory listing command that produces a depth indented
 listing of files, which is colorized ala dircolors if the LS_COLORS environment
 variable is set and output is to tty.

Package: zip
Version: 3.0-12build2
Priority: optional
Section: utils
Origin: Ubuntu
Maintainer: Ubuntu Developers <ubuntu-devel-discuss@lists.ubuntu.com>
Original-Maintainer: Santiago Vila <sanvila@debian.org>
Bugs: https://bugs.launchpad.net/ubuntu/+filebug
Installed-Size: 544 kB
Depends: libbz2-1.0, libc6 (>= 2.34)
Recommends: unzip
Homepage: http://www.info-zip.org/Zip.html
Task: ubuntu-desktop-minimal, ubuntu-desktop, ubuntu-desktop-raspi, kubuntu-desktop, xubuntu-core, xubuntu-desktop, lubuntu-desktop, ubuntustudio-desktop-core, ubuntustudio-desktop, ubuntukylin-desktop, ubuntu-mate-core, ubuntu-mate-desktop, ubuntu-budgie-desktop, ubuntu-budgie-desktop-raspi
Download-Size: 176 kB
APT-Manual-Installed: no
APT-Sources: http://us.archive.ubuntu.com/ubuntu jammy/main amd64 Packages
Description: Archiver for .zip files
 This is InfoZIP's zip program. It produces files that are fully
 compatible with the popular PKZIP program; however, the command line
 options are not identical. In other words, the end result is the same,
 but the methods differ. :-)
 .
 This version supports encryption.

Package: grepcidr
Version: 2.0-2
Priority: optional
Section: universe/net
Origin: Ubuntu
Maintainer: Ubuntu Developers <ubuntu-devel-discuss@lists.ubuntu.com>
Original-Maintainer: Ryan Finnie <ryan@finnie.org>
Bugs: https://bugs.launchpad.net/ubuntu/+filebug
Installed-Size: 37.9 kB
Depends: libc6 (>= 2.7)
Homepage: http://www.pc-tools.net/unix/grepcidr/
Download-Size: 13.8 kB
APT-Manual-Installed: yes
APT-Sources: http://us.archive.ubuntu.com/ubuntu jammy/universe amd64 Packages
Description: Filter IP addresses matching IPv4/IPv6 CIDR/network specification
 grepcidr can be used to filter a list of IP addresses against one or
 more Classless Inter-Domain Routing (CIDR) specifications, or
 arbitrary networks specified by an address range. As with grep, there
 are options to invert matching and load patterns from a file.
 grepcidr is capable of comparing thousands or even millions of IPs
 to networks with little memory usage and in reasonable computation
 time.
 .
 grepcidr has endless uses in network software, including: mail
 filtering and processing, network security, log analysis, and many
 custom applications.

Package: lynx
Version: 2.9.0dev.10-1
Priority: extra
Section: universe/web
Origin: Ubuntu
Maintainer: Ubuntu Developers <ubuntu-devel-discuss@lists.ubuntu.com>
Original-Maintainer: Debian Lynx Packaging Team <pkg-lynx-maint@lists.alioth.debian.org>
Bugs: https://bugs.launchpad.net/ubuntu/+filebug
Installed-Size: 2,029 kB
Provides: news-reader, www-browser
Depends: libbsd0 (>= 0.0), libbz2-1.0, libc6 (>= 2.34), libgnutls30 (>= 3.7.0), libidn2-0 (>= 2.0.0), libncursesw6 (>= 6), libtinfo6 (>= 6), zlib1g (>= 1:1.1.4), lynx-common
Recommends: mime-support
Conflicts: lynx-ssl
Breaks: lynx-cur (<< 2.8.9dev8-2~), lynx-cur-wrapper (<< 2.8.8dev.8-2)
Replaces: lynx-cur (<< 2.8.9dev8-2~), lynx-cur-wrapper (<< 2.8.8dev.8-2)
Homepage: https://lynx.invisible-island.net/
Download-Size: 719 kB
APT-Manual-Installed: yes
APT-Sources: http://us.archive.ubuntu.com/ubuntu jammy/universe amd64 Packages
Description: classic non-graphical (text-mode) web browser
 In continuous development since 1992, Lynx sets the standard for
 text-mode web clients. It is fast and simple to use, with support for
 browsing via FTP, Gopher, HTTP, HTTPS, NNTP, and the local file system.

Package: psmisc
Version: 23.4-2build3
Priority: standard
Section: admin
Origin: Ubuntu
Maintainer: Ubuntu Developers <ubuntu-devel-discuss@lists.ubuntu.com>
Original-Maintainer: Craig Small <csmall@debian.org>
Bugs: https://bugs.launchpad.net/ubuntu/+filebug
Installed-Size: 463 kB
Depends: libc6 (>= 2.34), libtinfo6 (>= 6)
Breaks: manpages-de (<< 4.9.1-1)
Replaces: manpages-de (<< 4.9.1-1)
Homepage: http://psmisc.sf.net/
Task: standard
Download-Size: 119 kB
APT-Manual-Installed: yes
APT-Sources: http://us.archive.ubuntu.com/ubuntu jammy/main amd64 Packages
Description: utilities that use the proc file system
 This package contains miscellaneous utilities that use the proc FS:
 .
  - fuser: identifies processes that are using files or sockets.
  - killall: kills processes by name (e.g. "killall -HUP named").
  - peekfd: shows the data traveling over a file descriptor.
  - pstree: shows currently running processes as a tree.
  - prtstat: print the contents of /proc/<pid>/stat

Package: nload
Version: 0.7.4-2build3
Priority: extra
Section: universe/net
Origin: Ubuntu
Maintainer: Ubuntu Developers <ubuntu-devel-discuss@lists.ubuntu.com>
Original-Maintainer: Marcio de Souza Oliveira <m.desouza20@gmail.com>
Bugs: https://bugs.launchpad.net/ubuntu/+filebug
Installed-Size: 173 kB
Depends: libc6 (>= 2.14), libgcc-s1 (>= 3.0), libncurses6 (>= 6), libstdc++6 (>= 5.2), libtinfo6 (>= 6)
Homepage: http://www.roland-riegel.de/nload/
Download-Size: 55.1 kB
APT-Manual-Installed: yes
APT-Sources: http://us.archive.ubuntu.com/ubuntu jammy/universe amd64 Packages
Description: realtime console network usage monitor
 Nload is a console application which monitors network traffic and bandwidth
 usage in real time. It displays the total amount of data that has been
 transferred over a network device since the last reboot, the current bandwidth
 usage, and the minimum, maximum, and average bandwidth usage measured
 since it started.
 .
 If the user wants, it is also able to display two bars, similar to progress
 bars, presenting the current load graphically. Support for displaying several
 devices simultaneously is included.

Package: telnet
Version: 0.17-44build1
Priority: standard
Section: net
Source: netkit-telnet
Origin: Ubuntu
Maintainer: Ubuntu Developers <ubuntu-devel-discuss@lists.ubuntu.com>
Original-Maintainer: Debian QA Group <packages@qa.debian.org>
Bugs: https://bugs.launchpad.net/ubuntu/+filebug
Installed-Size: 158 kB
Provides: telnet-client
Depends: libc6 (>= 2.34), libstdc++6 (>= 5), netbase
Replaces: netstd
Homepage: http://www.hcs.harvard.edu/~dholland/computers/netkit.html
Task: standard
Download-Size: 66.9 kB
APT-Manual-Installed: yes
APT-Sources: http://us.archive.ubuntu.com/ubuntu jammy/main amd64 Packages
Description: basic telnet client
 The telnet command is used for interactive communication with another host
 using the TELNET protocol.
 .
 For the purpose of remote login, the present client executable should be
 depreciated in favour of an ssh-client, or in some cases with variants like
 telnet-ssl or Kerberized TELNET clients.  The most important reason is that
 this implementation exchanges user name and password in clear text.
 .
 On the other hand, the present program does satisfy common use cases of
 network diagnostics, like protocol testing of SMTP services, so it can
 become handy enough.

Package: ethtool
Version: 1:5.16-1
Priority: optional
Section: utils
Origin: Ubuntu
Maintainer: Ubuntu Developers <ubuntu-devel-discuss@lists.ubuntu.com>
Original-Maintainer: Debian Kernel Team <debian-kernel@lists.debian.org>
Bugs: https://bugs.launchpad.net/ubuntu/+filebug
Installed-Size: 645 kB
Depends: libc6 (>= 2.34), libmnl0 (>= 1.0.3-4~)
Homepage: https://www.kernel.org/pub/software/network/ethtool/
Task: cloud-image, server, ubuntu-server-raspi, ubuntukylin-desktop, ubuntu-mate-core, ubuntu-mate-desktop
Download-Size: 208 kB
APT-Manual-Installed: no
APT-Sources: http://us.archive.ubuntu.com/ubuntu jammy/main amd64 Packages
Description: display or change Ethernet device settings
 ethtool can be used to query and change settings such as speed, auto-
 negotiation and checksum offload on many network devices, especially
 Ethernet devices.

Package: virtualenv
Version: 20.13.0+ds-2
Priority: optional
Section: universe/python
Source: python-virtualenv
Origin: Ubuntu
Maintainer: Ubuntu Developers <ubuntu-devel-discuss@lists.ubuntu.com>
Original-Maintainer: Debian Python Team <team+python@tracker.debian.org>
Bugs: https://bugs.launchpad.net/ubuntu/+filebug
Installed-Size: 30.7 kB
Depends: python3-virtualenv
Homepage: https://virtualenv.pypa.io/
Download-Size: 1,968 B
APT-Manual-Installed: yes
APT-Sources: http://us.archive.ubuntu.com/ubuntu jammy/universe amd64 Packages
Description: Python virtual environment creator (Dependency package)
 The virtualenv utility creates virtual Python instances, each invokable with
 its own Python executable.  Each instance can have different sets of modules,
 installable via pip.  Virtual Python instances can also be created without
 root access.
 .
 This is a dependency package and may be safely removed.

Package: screen
Version: 4.9.0-1
Priority: optional
Section: misc
Origin: Ubuntu
Maintainer: Ubuntu Developers <ubuntu-devel-discuss@lists.ubuntu.com>
Original-Maintainer: Axel Beckert <abe@debian.org>
Bugs: https://bugs.launchpad.net/ubuntu/+filebug
Installed-Size: 1,029 kB
Depends: libc6 (>= 2.34), libcrypt1 (>= 1:4.1.0), libpam0g (>= 0.99.7.1), libtinfo6 (>= 6), libutempter0 (>= 1.1.5)
Suggests: byobu | screenie | iselect (>= 1.4.0-1), ncurses-term
Homepage: https://savannah.gnu.org/projects/screen
Task: cloud-image, ubuntu-wsl, server, ubuntu-server-raspi
Download-Size: 672 kB
APT-Manual-Installed: yes
APT-Sources: http://us.archive.ubuntu.com/ubuntu jammy/main amd64 Packages
Description: terminal multiplexer with VT100/ANSI terminal emulation
 GNU Screen is a terminal multiplexer that runs several separate "screens" on
 a single physical character-based terminal. Each virtual terminal emulates a
 DEC VT100 plus several ANSI X3.64 and ISO 2022 functions. Screen sessions
 can be detached and resumed later on a different terminal.
 .
 Screen also supports a whole slew of other features, including configurable
 input and output translation, serial port support, configurable logging,
 and multi-user support.

Package: arp-scan
Version: 1.9.7-2
Priority: extra
Section: universe/admin
Origin: Ubuntu
Maintainer: Ubuntu Developers <ubuntu-devel-discuss@lists.ubuntu.com>
Original-Maintainer: Debian Security Tools <team+pkg-security@tracker.debian.org>
Bugs: https://bugs.launchpad.net/ubuntu/+filebug
Installed-Size: 1,095 kB
Depends: libc6 (>= 2.33), libpcap0.8 (>= 1.5.1), ieee-data
Recommends: libwww-perl
Homepage: https://github.com/royhills/arp-scan
Download-Size: 338 kB
APT-Manual-Installed: yes
APT-Sources: http://us.archive.ubuntu.com/ubuntu jammy/universe amd64 Packages
Description: arp scanning and fingerprinting tool
 arp-scan is a command-line tool that uses the ARP protocol to discover and
 fingerprint IP hosts on the local network. It is available for Linux and BSD
 under the GPL licence

Package: mtr
Version: 0.95-1
Priority: extra
Section: universe/net
Origin: Ubuntu
Maintainer: Ubuntu Developers <ubuntu-devel-discuss@lists.ubuntu.com>
Original-Maintainer: Robert Woodcock <rcw@debian.org>
Bugs: https://bugs.launchpad.net/ubuntu/+filebug
Installed-Size: 224 kB
Depends: libc6 (>= 2.34), libgdk-pixbuf-2.0-0 (>= 2.22.0), libglib2.0-0 (>= 2.12.0), libgtk2.0-0 (>= 2.8.0), libjansson4 (>= 2.0.1), libncurses6 (>= 6), libtinfo6 (>= 6)
Breaks: mtr-tiny, suidmanager (<< 0.50)
Replaces: mtr-tiny
Homepage: https://www.bitwizard.nl/mtr/
Download-Size: 75.1 kB
APT-Sources: http://us.archive.ubuntu.com/ubuntu jammy/universe amd64 Packages
Description: Full screen ncurses and X11 traceroute tool
 mtr combines the functionality of the 'traceroute' and 'ping' programs
 in a single network diagnostic tool.
 .
 As mtr starts, it investigates the network connection between the host
 mtr runs on and a user-specified destination host.  After it
 determines the address of each network hop between the machines,
 it sends a sequence of ICMP ECHO requests to each one to determine the
 quality of the link to each machine.  As it does this, it prints
 running statistics about each machine.

Package: sysvinit-utils
Version: 3.01-1ubuntu1
Priority: required
Essential: yes
Section: admin
Source: sysvinit
Origin: Ubuntu
Maintainer: Ubuntu Developers <ubuntu-devel-discuss@lists.ubuntu.com>
Original-Maintainer: Debian sysvinit maintainers <debian-init-diversity@chiark.greenend.org.uk>
Bugs: https://bugs.launchpad.net/ubuntu/+filebug
Installed-Size: 85.0 kB
Depends: lsb-base (>= 11.0.0~), libc6 (>= 2.34)
Homepage: https://savannah.nongnu.org/projects/sysvinit
Task: minimal
Download-Size: 20.6 kB
APT-Manual-Installed: no
APT-Sources: http://us.archive.ubuntu.com/ubuntu jammy/main amd64 Packages
Description: System-V-like utilities
 This package contains the important System-V-like utilities.
 .
 Specifically, this package includes:
 init-d-script, fstab-decode, killall5, pidof

Package: hping3
Version: 3.a2.ds2-10
Priority: optional
Section: universe/net
Origin: Ubuntu
Maintainer: Ubuntu Developers <ubuntu-devel-discuss@lists.ubuntu.com>
Original-Maintainer: Marcio de Souza Oliveira <marciosouza@debian.org>
Bugs: https://bugs.launchpad.net/ubuntu/+filebug
Installed-Size: 263 kB
Depends: libc6 (>= 2.15), libpcap0.8 (>= 0.9.8), libtcl8.6 (>= 8.6.0)
Homepage: http://www.hping.org/
Download-Size: 106 kB
APT-Manual-Installed: yes
APT-Sources: http://us.archive.ubuntu.com/ubuntu jammy/universe amd64 Packages
Description: Active Network Smashing Tool
 hping3 is a network tool able to send custom ICMP/UDP/TCP packets and
 to display target replies like ping does with ICMP replies. It handles
 fragmentation and arbitrary packet body and size, and can be used to
 transfer files under supported protocols. Using hping3, you can test
 firewall rules, perform (spoofed) port scanning, test network
 performance using different protocols, do path MTU discovery, perform
 traceroute-like actions under different protocols, fingerprint remote
 operating systems, audit TCP/IP stacks, etc.  hping3 is scriptable
 using the Tcl language.

Package: wget
Version: 1.21.2-2ubuntu1
Priority: standard
Section: web
Origin: Ubuntu
Maintainer: Ubuntu Developers <ubuntu-devel-discuss@lists.ubuntu.com>
Original-Maintainer: Noël Köthe <noel@debian.org>
Bugs: https://bugs.launchpad.net/ubuntu/+filebug
Installed-Size: 1,008 kB
Depends: libc6 (>= 2.34), libidn2-0 (>= 0.6), libpcre2-8-0 (>= 10.22), libpsl5 (>= 0.16.0), libssl3 (>= 3.0.0~~alpha1), libuuid1 (>= 2.16), zlib1g (>= 1:1.1.4)
Recommends: ca-certificates
Conflicts: wget-ssl
Homepage: https://www.gnu.org/software/wget/
Task: standard, server-minimal
Download-Size: 367 kB
APT-Manual-Installed: yes
APT-Sources: http://us.archive.ubuntu.com/ubuntu jammy/main amd64 Packages
Description: retrieves files from the web
 Wget is a network utility to retrieve files from the web
 using HTTP(S) and FTP, the two most widely used internet
 protocols. It works non-interactively, so it will work in
 the background, after having logged off. The program supports
 recursive retrieval of web-authoring pages as well as FTP
 sites -- you can use Wget to make mirrors of archives and
 home pages or to travel the web like a WWW robot.
 .
 Wget works particularly well with slow or unstable connections
 by continuing to retrieve a document until the document is fully
 downloaded. Re-getting files from where it left off works on
 servers (both HTTP and FTP) that support it. Both HTTP and FTP
 retrievals can be time stamped, so Wget can see if the remote
 file has changed since the last retrieval and automatically
 retrieve the new version if it has.
 .
 Wget supports proxy servers; this can lighten the network load,
 speed up retrieval, and provide access behind firewalls.

Package: code
Version: 1.74.2-1671533413
Priority: optional
Section: devel
Maintainer: Microsoft Corporation <vscode-linux@microsoft.com>
Installed-Size: 404 MB
Provides: visual-studio-code
Depends: ca-certificates, libasound2 (>= 1.0.16), libatk-bridge2.0-0 (>= 2.5.3), libatk1.0-0 (>= 2.2.0), libatspi2.0-0 (>= 2.9.90), libc6 (>= 2.14), libc6 (>= 2.17), libc6 (>= 2.2.5), libcairo2 (>= 1.6.0), libcups2 (>= 1.6.0), libcurl3-gnutls | libcurl3-nss | libcurl4 | libcurl3, libdbus-1-3 (>= 1.5.12), libdrm2 (>= 2.4.38), libexpat1 (>= 2.0.1), libgbm1 (>= 8.1~0), libglib2.0-0 (>= 2.16.0), libglib2.0-0 (>= 2.39.4), libgtk-3-0 (>= 3.9.10), libgtk-3-0 (>= 3.9.10) | libgtk-4-1, libnspr4 (>= 2:4.9-2~), libnss3 (>= 2:3.22), libnss3 (>= 3.26), libpango-1.0-0 (>= 1.14.0), libsecret-1-0 (>= 0.18), libx11-6, libx11-6 (>= 2:1.4.99.1), libxcb1 (>= 1.9.2), libxcomposite1 (>= 1:0.4.4-1), libxdamage1 (>= 1:1.1), libxext6, libxfixes3, libxkbcommon0 (>= 0.4.1), libxkbfile1, libxrandr2, xdg-utils (>= 1.0.2)
Recommends: libvulkan1
Conflicts: visual-studio-code
Replaces: visual-studio-code
Homepage: https://code.visualstudio.com/
Download-Size: 98.0 MB
APT-Manual-Installed: yes
APT-Sources: http://packages.microsoft.com/repos/code stable/main amd64 Packages
Description: Code editing. Redefined.
 Visual Studio Code is a new choice of tool that combines the simplicity of
 a code editor with what developers need for the core edit-build-debug cycle.
 See https://code.visualstudio.com/docs/setup/linux for installation
 instructions and FAQ.

Package: mc
Version: 3:4.8.27-1
Priority: optional
Section: universe/utils
Origin: Ubuntu
Maintainer: Ubuntu Developers <ubuntu-devel-discuss@lists.ubuntu.com>
Original-Maintainer: Dmitry Smirnov <onlyjob@debian.org>
Bugs: https://bugs.launchpad.net/ubuntu/+filebug
Installed-Size: 1,574 kB
Provides: mcedit
Depends: libc6 (>= 2.34), libext2fs2 (>= 1.37), libglib2.0-0 (>= 2.59.2), libgpm2 (>= 1.20.7), libslang2 (>= 2.2.4), libssh2-1 (>= 1.2.8), mc-data (= 3:4.8.27-1)
Recommends: mime-support, perl, unzip, sensible-utils
Suggests: arj, bzip2, catdvi | texlive-binaries, dbview, djvulibre-bin, epub-utils, file, genisoimage, gv, imagemagick, libaspell-dev, links | w3m | lynx, odt2txt, poppler-utils, python, python-boto, python-tz, unar, wimtools, xpdf | pdf-viewer, zip
Homepage: https://www.midnight-commander.org
Download-Size: 547 kB
APT-Manual-Installed: yes
APT-Sources: http://us.archive.ubuntu.com/ubuntu jammy/universe amd64 Packages
Description: Midnight Commander - a powerful file manager
 GNU Midnight Commander is a text-mode full-screen file manager. It
 uses a two panel interface and a subshell for command execution. It
 includes an internal editor with syntax highlighting and an internal
 viewer with support for binary files. Also included is Virtual
 Filesystem (VFS), that allows files on remote systems (e.g. FTP, SSH
 servers) and files inside archives to be manipulated like real files.

Package: ifstat
Version: 1.1-8.2
Priority: optional
Section: universe/net
Origin: Ubuntu
Maintainer: Ubuntu Developers <ubuntu-devel-discuss@lists.ubuntu.com>
Original-Maintainer: Goswin von Brederlow <goswin-v-b@web.de>
Bugs: https://bugs.launchpad.net/ubuntu/+filebug
Installed-Size: 62.5 kB
Depends: libc6 (>= 2.34), libsnmp40 (>= 5.9+dfsg)
Download-Size: 22.4 kB
APT-Manual-Installed: yes
APT-Sources: http://us.archive.ubuntu.com/ubuntu jammy/universe amd64 Packages
Description: InterFace STATistics Monitoring
 ifstat is a tool to report network interfaces bandwidth just like
 vmstat/iostat do for other system counters. It can monitor local
 interfaces by polling the kernel counters, or remote hosts
 interfaces using SNMP.

Package: build-essential
Version: 12.9ubuntu3
Priority: optional
Build-Essential: yes
Section: devel
Origin: Ubuntu
Maintainer: Ubuntu Developers <ubuntu-devel-discuss@lists.ubuntu.com>
Original-Maintainer: Matthias Klose <doko@debian.org>
Bugs: https://bugs.launchpad.net/ubuntu/+filebug
Installed-Size: 21.5 kB
Depends: libc6-dev | libc-dev, gcc (>= 4:10.2), g++ (>= 4:10.2), make, dpkg-dev (>= 1.17.11)
Task: ubuntustudio-video, ubuntu-mate-core, ubuntu-mate-desktop
Download-Size: 4,744 B
APT-Manual-Installed: yes
APT-Sources: http://us.archive.ubuntu.com/ubuntu jammy/main amd64 Packages
Description: Informational list of build-essential packages
 If you do not plan to build Debian packages, you don't need this
 package.  Starting with dpkg (>= 1.14.18) this package is required
 for building Debian packages.
 .
 This package contains an informational list of packages which are
 considered essential for building Debian packages.  This package also
 depends on the packages on that list, to make it easy to have the
 build-essential packages installed.
 .
 If you have this package installed, you only need to install whatever
 a package specifies as its build-time dependencies to build the
 package.  Conversely, if you are determining what your package needs
 to build-depend on, you can always leave out the packages this
 package depends on.
 .
 This package is NOT the definition of what packages are
 build-essential; the real definition is in the Debian Policy Manual.
 This package contains merely an informational list, which is all
 most people need.   However, if this package and the manual disagree,
 the manual is correct.

Package: apt-file
Version: 3.2.2
Priority: optional
Section: universe/admin
Origin: Ubuntu
Maintainer: Ubuntu Developers <ubuntu-devel-discuss@lists.ubuntu.com>
Original-Maintainer: APT Development Team <deity@lists.debian.org>
Bugs: https://bugs.launchpad.net/ubuntu/+filebug
Installed-Size: 92.2 kB
Depends: perl:any, apt (>= 1.3~exp1~), libapt-pkg-perl, liblist-moreutils-perl, libregexp-assemble-perl
Breaks: apt-venv (<< 1.0.0-1~), command-not-found (<< 0.2.38-2~), devscripts (<< 2.15.10~)
Download-Size: 27.6 kB
APT-Manual-Installed: yes
APT-Sources: http://us.archive.ubuntu.com/ubuntu jammy/universe amd64 Packages
Description: search for files within Debian packages (command-line interface)
 apt-file is a command line tool for searching files contained in packages
 for the APT packaging system. You can search in which package a file is
 included or list the contents of a package without installing or fetching it.

Package: gh
Version: 2.4.0+dfsg1-2
Built-Using: go-md2man-v2 (= 2.0.1+ds1-1), gojq (= 0.12.6-1), golang-1.18 (= 1.18-1ubuntu1), golang-blackfriday-v2 (= 2.1.0-1), golang-github-alecaivazis-survey (= 2.3.2+ds1-1), golang-github-alecthomas-chroma (= 0.9.4-1), golang-github-aymerick-douceur (= 0.2.0-3), golang-github-briandowns-spinner (= 1.18.0+ds1-1), golang-github-charmbracelet-glamour (= 0.3.0+git20211129.6db32e7-1), golang-github-cli-browser (= 1.1.0-1), golang-github-cli-oauth (= 0.9.0-1), golang-github-cli-safeexec (= 1.0.0-2), golang-github-cli-shurcool-graphql (= 0.0.1-2), golang-github-davecgh-go-spew (= 1.1.1-2), golang-github-dlclark-regexp2 (= 1.4.0+ds1-1), golang-github-fatih-color (= 1.7.0-1), golang-github-gabriel-vasile-mimetype (= 1.4.0+dfsg1-2), golang-github-google-shlex (= 0.0~git20191202.e7afc7f-1), golang-github-gorilla-css (= 1.0.0-2), golang-github-gorilla-websocket (= 1.5.0-1), golang-github-hashicorp-errwrap (= 1.1.0-1), golang-github-hashicorp-go-multierror (= 1.1.1-1), golang-github-hashicorp-go-version (= 1.3.0-1), golang-github-henvic-httpretty (= 0.0.6-2), golang-github-itchyny-timefmt-go (= 0.1.3-2), golang-github-joho-godotenv (= 1.4.0-1), golang-github-kballard-go-shellquote (= 0.0~git20180428.95032a8-1), golang-github-lucasb-eyer-go-colorful (= 1.2.0-1), golang-github-makenowjust-heredoc (= 1.0.0-1), golang-github-mattn-go-colorable (= 0.1.12-1), golang-github-mattn-go-isatty (= 0.0.14-1), golang-github-mattn-go-runewidth (= 0.0.13-2), golang-github-mgutz-ansi (= 0.0~git20200706.d51e80e-1), golang-github-microcosm-cc-bluemonday (= 1.0.16-1), golang-github-muesli-reflow (= 0.3.0-2), golang-github-muesli-termenv (= 0.9.0-1), golang-github-muhammadmuzzammil1998-jsonc (= 0.0~git20201229.615b091-2), golang-github-olekukonko-tablewriter (= 0.0.5-1), golang-github-opentracing-opentracing-go (= 1.2.0-1), golang-github-pmezard-go-difflib (= 1.0.0-3), golang-github-rivo-uniseg (= 0.2.0-1), golang-github-shurcool-githubv4 (= 0.0~git20210725.83ba7b4-3), golang-github-shurcool-graphql (= 0.0~git20200928.18c5c31-5), golang-github-sourcegraph-jsonrpc2 (= 0.1.0-2), golang-github-spf13-cobra (= 1.3.0-1), golang-github-spf13-pflag (= 1.0.5-2), golang-github-yuin-goldmark (= 1.4.4-1), golang-github-yuin-goldmark-emoji (= 1.0.1-2), golang-golang-x-net (= 1:0.0+git20211209.491a49a+dfsg-1), golang-golang-x-sync (= 0.0~git20210220.036812b-1), golang-golang-x-sys (= 0.0~git20211216.1d35b9e-1), golang-golang-x-term (= 0.0~git20210615.6886f2d-1), golang-golang-x-text (= 0.3.7-1), golang-gopkg-yaml.v3 (= 3.0.0~git20210107.496545a-1), golang-objx (= 0.3.0-1), golang-testify (= 1.7.0+git20210824.ab6dc32-1)
Priority: optional
Section: universe/utils
Origin: Ubuntu
Maintainer: Ubuntu Developers <ubuntu-devel-discuss@lists.ubuntu.com>
Original-Maintainer: Debian Go Packaging Team <team+pkg-go@tracker.debian.org>
Bugs: https://bugs.launchpad.net/ubuntu/+filebug
Installed-Size: 33.7 MB
Depends: libc6 (>= 2.34)
Conflicts: gitsome
Homepage: https://cli.github.com/
Download-Size: 6,242 kB
APT-Manual-Installed: yes
APT-Sources: http://us.archive.ubuntu.com/ubuntu jammy/universe amd64 Packages
Description: GitHub CLI, GitHub’s official command line tool
 GitHub CLI "gh" is GitHub on the command line.  It brings pull requests,
 issues, and other GitHub concepts to the terminal next to where you are
 already working with git and your code.
 .
 GitHub CLI is available for repositories hosted on GitHub.com and GitHub
 Enterprise Server 2.20+, and to install on macOS, Windows, and Linux.
 .
 Comparison with hub:
 .
 For many years, hub (https://github.com/github/hub) was the unofficial
 GitHub CLI tool.  gh is a new project that helps us explore what an
 official GitHub CLI tool can look like with a fundamentally different
 design.  While both tools bring GitHub to the terminal, hub behaves as a
 proxy to git, and gh is a standalone tool.  Check out the more detailed
 explanation at https://github.com/cli/cli/blob/trunk/docs/gh-vs-hub.md
 to learn more.

Package: tftpd-hpa
Version: 5.2+20150808-1.2build2
Priority: extra
Section: net
Source: tftp-hpa
Origin: Ubuntu
Maintainer: Ubuntu Developers <ubuntu-devel-discuss@lists.ubuntu.com>
Original-Maintainer: Ron Lee <ron@debian.org>
Bugs: https://bugs.launchpad.net/ubuntu/+filebug
Installed-Size: 122 kB
Provides: tftp-server
Depends: libc6 (>= 2.34), libwrap0 (>= 7.6-4~), adduser, debconf (>= 0.5) | debconf-2.0
Suggests: pxelinux
Conflicts: atftpd, tftp-server, tftpd
Replaces: atftpd, tftp-server, tftpd
Homepage: http://git.kernel.org/cgit/network/tftp/tftp-hpa.git
Download-Size: 40.7 kB
APT-Manual-Installed: yes
APT-Sources: http://us.archive.ubuntu.com/ubuntu jammy/main amd64 Packages
Description: HPA's tftp server
 Trivial File Transfer Protocol (TFTP) is a file transfer protocol, mainly to
 serve boot images over the network to other machines (PXE).
 .
 tftp-hpa is an enhanced version of the BSD TFTP client and server. It
 possesses a number of bugfixes and enhancements over the original.
 .
 This package contains the server.

Package: bwctl-server
Version: 1.5.4+dfsg1-1build1
Priority: optional
Section: universe/net
Source: bwctl
Origin: Ubuntu
Maintainer: Ubuntu Developers <ubuntu-devel-discuss@lists.ubuntu.com>
Original-Maintainer: Raoul Gunnar Borenius <borenius@dfn.de>
Bugs: https://bugs.launchpad.net/ubuntu/+filebug
Installed-Size: 324 kB
Depends: libc6 (>= 2.15), adduser, iperf, nuttcp, ntp
Suggests: i2util-tools
Homepage: http://www.internet2.edu/performance/bwctl/
Download-Size: 119 kB
APT-Manual-Installed: yes
APT-Sources: http://us.archive.ubuntu.com/ubuntu jammy/universe amd64 Packages
Description: bandwidth test controller (server)
 The Bwctl suite works with nuttcp and iperf to test bandwidth without
 the need for a shell account on the remote systems.
 .
 This package contains the scheduling and policy daemon that wraps these tools.
 To schedule and control tests you need the bwctl-client package.

Package: curl
Version: 7.81.0-1ubuntu1.6
Priority: optional
Section: web
Origin: Ubuntu
Maintainer: Ubuntu Developers <ubuntu-devel-discuss@lists.ubuntu.com>
Original-Maintainer: Alessandro Ghedini <ghedo@debian.org>
Bugs: https://bugs.launchpad.net/ubuntu/+filebug
Installed-Size: 453 kB
Depends: libc6 (>= 2.34), libcurl4 (= 7.81.0-1ubuntu1.6), zlib1g (>= 1:1.1.4)
Homepage: https://curl.haxx.se
Task: server-minimal, cloud-image, ubuntu-wsl, server, ubuntu-server-raspi, ubuntustudio-publishing, ubuntu-budgie-desktop, ubuntu-budgie-desktop-raspi
Download-Size: 194 kB
APT-Manual-Installed: yes
APT-Sources: http://us.archive.ubuntu.com/ubuntu jammy-updates/main amd64 Packages
Description: command line tool for transferring data with URL syntax
 curl is a command line tool for transferring data with URL syntax, supporting
 DICT, FILE, FTP, FTPS, GOPHER, HTTP, HTTPS, IMAP, IMAPS, LDAP, LDAPS, POP3,
 POP3S, RTMP, RTSP, SCP, SFTP, SMTP, SMTPS, TELNET and TFTP.
 .
 curl supports SSL certificates, HTTP POST, HTTP PUT, FTP uploading, HTTP form
 based upload, proxies, cookies, user+password authentication (Basic, Digest,
 NTLM, Negotiate, kerberos...), file transfer resume, proxy tunneling and a
 busload of other useful tricks.

Package: nodejs
Version: 12.22.9~dfsg-1ubuntu3
Priority: extra
Section: universe/web
Origin: Ubuntu
Maintainer: Ubuntu Developers <ubuntu-devel-discuss@lists.ubuntu.com>
Original-Maintainer: Debian Javascript Maintainers <pkg-javascript-devel@alioth-lists.debian.net>
Bugs: https://bugs.launchpad.net/ubuntu/+filebug
Installed-Size: 932 kB
Provides: node-types-node (= 12.20.42~12.22.9~dfsg-1ubuntu3)
Depends: libc6 (>= 2.34), libnode72 (= 12.22.9~dfsg-1ubuntu3)
Recommends: ca-certificates, nodejs-doc
Suggests: npm
Breaks: node-babel-runtime (<< 7), node-typescript-types (<< 20210110~)
Homepage: https://nodejs.org/
Download-Size: 122 kB
APT-Manual-Installed: yes
APT-Sources: http://us.archive.ubuntu.com/ubuntu jammy/universe amd64 Packages
Description: evented I/O for V8 javascript - runtime executable
 Node.js is a platform built on Chrome's JavaScript runtime for easily
 building fast, scalable network applications. Node.js uses an
 event-driven, non-blocking I/O model that makes it lightweight and
 efficient, perfect for data-intensive real-time applications that run
 across distributed devices.
 .
 Node.js is bundled with several useful libraries to handle server
 tasks:
 .
 System, Events, Standard I/O, Modules, Timers, Child Processes, POSIX,
 HTTP, Multipart Parsing, TCP, DNS, Assert, Path, URL, Query Strings.

Package: ansible
Version: 2.10.7+merged+base+2.10.8+dfsg-1
Priority: optional
Section: universe/admin
Origin: Ubuntu
Maintainer: Ubuntu Developers <ubuntu-devel-discuss@lists.ubuntu.com>
Original-Maintainer: Lee Garrett <debian@rocketjump.eu>
Bugs: https://bugs.launchpad.net/ubuntu/+filebug
Installed-Size: 204 MB
Depends: python3-cryptography, python3-jinja2, python3-packaging, python3-yaml, python3:any, openssh-client | python3-paramiko (>= 2.6.0), python3-pycryptodome, python3-distutils, python3-dnspython, python3-httplib2, python3-netaddr
Recommends: python3-argcomplete, python3-jmespath, python3-kerberos, python3-libcloud, python3-selinux, python3-winrm, python3-xmltodict
Suggests: cowsay, sshpass
Breaks: ansible-base (<= 2.10.5+dfsg-2)
Replaces: ansible-base (<= 2.10.5+dfsg-2)
Homepage: https://www.ansible.com
Download-Size: 17.5 MB
APT-Manual-Installed: yes
APT-Sources: http://us.archive.ubuntu.com/ubuntu jammy/universe amd64 Packages
Description: Configuration management, deployment, and task execution system
 Ansible is a radically simple model-driven configuration management,
 multi-node deployment, and remote task execution system. Ansible works
 over SSH and does not require any software or daemons to be installed
 on remote nodes. Extension modules can be written in any language and
 are transferred to managed machines automatically.
 .
 This package contains ansible-base 2.10.x and ansible-collections 2.10.x merged
 into one package.

Package: vim
Version: 2:8.2.3995-1ubuntu2.1
Priority: optional
Section: editors
Origin: Ubuntu
Maintainer: Ubuntu Developers <ubuntu-devel-discuss@lists.ubuntu.com>
Original-Maintainer: Debian Vim Maintainers <team+vim@tracker.debian.org>
Bugs: https://bugs.launchpad.net/ubuntu/+filebug
Installed-Size: 4,011 kB
Provides: editor
Depends: vim-common (= 2:8.2.3995-1ubuntu2.1), vim-runtime (= 2:8.2.3995-1ubuntu2.1), libacl1 (>= 2.2.23), libc6 (>= 2.34), libgpm2 (>= 1.20.7), libpython3.10 (>= 3.10.0), libselinux1 (>= 3.1~), libsodium23 (>= 1.0.14), libtinfo6 (>= 6)
Suggests: ctags, vim-doc, vim-scripts
Homepage: https://www.vim.org/
Task: cloud-image, ubuntu-wsl, server, ubuntu-server-raspi, lubuntu-desktop
Download-Size: 1,727 kB
APT-Manual-Installed: yes
APT-Sources: http://us.archive.ubuntu.com/ubuntu jammy-updates/main amd64 Packages
Description: Vi IMproved - enhanced vi editor
 Vim is an almost compatible version of the UNIX editor Vi.
 .
 Many new features have been added: multi level undo, syntax
 highlighting, command line history, on-line help, filename
 completion, block operations, folding, Unicode support, etc.
 .
 This package contains a version of vim compiled with a rather
 standard set of features.  This package does not provide a GUI
 version of Vim.  See the other vim-* packages if you need more
 (or less).

Package: htop
Version: 3.0.5-7build2
Priority: optional
Section: utils
Origin: Ubuntu
Maintainer: Ubuntu Developers <ubuntu-devel-discuss@lists.ubuntu.com>
Original-Maintainer: Daniel Lange <DLange@debian.org>
Bugs: https://bugs.launchpad.net/ubuntu/+filebug
Installed-Size: 342 kB
Depends: libc6 (>= 2.34), libncursesw6 (>= 6), libnl-3-200 (>= 3.2.7), libnl-genl-3-200 (>= 3.2.7), libtinfo6 (>= 6)
Suggests: lm-sensors, lsof, strace
Homepage: https://htop.dev/
Task: cloud-image, ubuntu-wsl, server, ubuntu-server-raspi, lubuntu-desktop, ubuntu-mate-core, ubuntu-mate-desktop, ubuntu-budgie-desktop, ubuntu-budgie-desktop-raspi
Download-Size: 128 kB
APT-Manual-Installed: yes
APT-Sources: http://us.archive.ubuntu.com/ubuntu jammy/main amd64 Packages
Description: interactive processes viewer
 Htop is an ncursed-based process viewer similar to top, but it
 allows one to scroll the list vertically and horizontally to see
 all processes and their full command lines.
 .
 Tasks related to processes (killing, renicing) can be done without
 entering their PIDs.

Package: aptitude
Version: 0.8.13-3ubuntu1
Priority: optional
Section: universe/admin
Origin: Ubuntu
Maintainer: Ubuntu Developers <ubuntu-devel-discuss@lists.ubuntu.com>
Original-Maintainer: Aptitude Development Team <aptitude-devel@lists.alioth.debian.org>
Bugs: https://bugs.launchpad.net/ubuntu/+filebug
Installed-Size: 3,624 kB
Depends: aptitude-common (= 0.8.13-3ubuntu1), libapt-pkg6.0 (>= 1.9.11~), libboost-iostreams1.74.0 (>= 1.74.0), libc6 (>= 2.33), libcwidget4 (>= 0.5.18-1), libgcc-s1 (>= 3.3.1), libncursesw6 (>= 6.1+20180210), libsigc++-2.0-0v5 (>= 2.8.0), libsqlite3-0 (>= 3.6.5), libstdc++6 (>= 9), libtinfo6 (>= 6.1+20180210), libxapian30 (>= 1.4.17~)
Recommends: libdpkg-perl, sensible-utils
Suggests: apt-xapian-index, aptitude-doc-en | aptitude-doc, debtags, tasksel
Homepage: https://wiki.debian.org/Aptitude
Task: kubuntu-desktop, kubuntu-full
Download-Size: 1,100 kB
APT-Manual-Installed: yes
APT-Sources: http://us.archive.ubuntu.com/ubuntu jammy/universe amd64 Packages
Description: terminal-based package manager
 aptitude is a package manager with a number of useful features,
 including: a mutt-like syntax for matching packages in a flexible
 manner, dselect-like persistence of user actions, the ability to
 retrieve and display the Debian changelog of most packages, and a
 command-line mode similar to that of apt-get.
 .
 aptitude is also Y2K-compliant, non-fattening, naturally cleansing,
 and housebroken.

Package: nmap
Version: 7.91+dfsg1+really7.80+dfsg1-2build1
Priority: extra
Section: universe/net
Origin: Ubuntu
Maintainer: Ubuntu Developers <ubuntu-devel-discuss@lists.ubuntu.com>
Original-Maintainer: Debian Security Tools <team+pkg-security@tracker.debian.org>
Bugs: https://bugs.launchpad.net/ubuntu/+filebug
Installed-Size: 4,341 kB
Depends: nmap-common (= 7.91+dfsg1+really7.80+dfsg1-2build1), libc6 (>= 2.34), libgcc-s1 (>= 3.3.1), liblinear4 (>= 2.01+dfsg), liblua5.3-0, libpcap0.8 (>= 1.5.1), libpcre3, libssl3 (>= 3.0.0~~alpha1), libstdc++6 (>= 11), lua-lpeg (>= 1.0.2), zlib1g (>= 1:1.1.4)
Suggests: ncat, ndiff, zenmap
Homepage: https://nmap.org/
Download-Size: 1,731 kB
APT-Manual-Installed: yes
APT-Sources: http://us.archive.ubuntu.com/ubuntu jammy/universe amd64 Packages
Description: The Network Mapper
 Nmap is a utility for network exploration or security auditing. It
 supports ping scanning (determine which hosts are up), many port
 scanning techniques, version detection (determine service protocols
 and application versions listening behind ports), and TCP/IP
 fingerprinting (remote host OS or device identification). Nmap also
 offers flexible target and port specification, decoy/stealth scanning,
 sunRPC scanning, and more. Most Unix and Windows platforms are
 supported in both GUI and commandline modes. Several popular handheld
 devices are also supported, including the Sharp Zaurus and the iPAQ.

Package: ipcalc
Version: 0.42-2
Priority: optional
Section: universe/net
Origin: Ubuntu
Maintainer: Ubuntu Developers <ubuntu-devel-discuss@lists.ubuntu.com>
Original-Maintainer: Bartosz Fenski <fenio@debian.org>
Bugs: https://bugs.launchpad.net/ubuntu/+filebug
Installed-Size: 73.7 kB
Depends: perl:any
Homepage: http://jodies.de/ipcalc
Download-Size: 25.4 kB
APT-Manual-Installed: yes
APT-Sources: http://us.archive.ubuntu.com/ubuntu jammy/universe amd64 Packages
Description: parameter calculator for IPv4 addresses
 ipcalc takes an IPv4 address and netmask and calculates the resulting
 broadcast, network, Cisco wildcard mask, and host range. By giving a
 second netmask, you can design sub- and supernetworks. It is also
 intended to be a teaching tool and presents the results as
 easy-to-understand binary values.
 .
 Originally, ipcalc was intended for use from the shell prompt, but a
 CGI wrapper is provided to enable colorful HTML display through a
 webserver.
 You can find it in /usr/share/doc/ipcalc/examples directory.

Package: netcat
Version: 1.218-4ubuntu1
Priority: optional
Section: universe/net
Source: netcat-openbsd
Origin: Ubuntu
Maintainer: Ubuntu Developers <ubuntu-devel-discuss@lists.ubuntu.com>
Original-Maintainer: Guilhem Moulin <guilhem@debian.org>
Bugs: https://bugs.launchpad.net/ubuntu/+filebug
Installed-Size: 17.4 kB
Depends: netcat-openbsd
Download-Size: 2,044 B
APT-Sources: http://us.archive.ubuntu.com/ubuntu jammy/universe amd64 Packages
Description: TCP/IP swiss army knife -- transitional package
 This is a transitional package that depends on the netcat-openbsd
 implementation of netcat, preferred in Ubuntu.  It may be safely removed.

Package: speedtest-cli
Version: 2.1.3-2
Priority: optional
Section: universe/utils
Origin: Ubuntu
Maintainer: Ubuntu Developers <ubuntu-devel-discuss@lists.ubuntu.com>
Original-Maintainer: Jonathan Carter <jcc@debian.org>
Bugs: https://bugs.launchpad.net/ubuntu/+filebug
Installed-Size: 106 kB
Depends: python3:any, python3-pkg-resources, ca-certificates
Homepage: https://github.com/sivel/speedtest-cli/
Download-Size: 24.1 kB
APT-Manual-Installed: yes
APT-Sources: http://us.archive.ubuntu.com/ubuntu jammy/universe amd64 Packages
Description: Command line interface for testing internet bandwidth using speedtest.net
 Speedtest.net is a webservice that allows you to test your broadband
 connection by downloading a file from one of many Speedtest.net
 servers from around the world.
 .
 This utility allows you to use the Speedtest.net service from the
 command line.
 .
 Note: This tool accesses speedtest.net over http, while the web-based client
 uses websockets. This tool has shown to become increasingly inacurate with
 high-speed connections. For more information, see the readme on:
 https://github.com/sivel/speedtest-cli

Package: coreutils
Version: 8.32-4.1ubuntu1
Priority: required
Essential: yes
Section: utils
Origin: Ubuntu
Maintainer: Ubuntu Developers <ubuntu-devel-discuss@lists.ubuntu.com>
Original-Maintainer: Michael Stone <mstone@debian.org>
Bugs: https://bugs.launchpad.net/ubuntu/+filebug
Installed-Size: 7,283 kB
Pre-Depends: libacl1 (>= 2.2.23), libattr1 (>= 1:2.4.44), libc6 (>= 2.34), libgmp10 (>= 2:6.2.1+dfsg), libselinux1 (>= 3.1~)
Homepage: http://gnu.org/software/coreutils
Task: minimal, server-minimal
Download-Size: 1,438 kB
APT-Manual-Installed: no
APT-Sources: http://us.archive.ubuntu.com/ubuntu jammy/main amd64 Packages
Description: GNU core utilities
 This package contains the basic file, shell and text manipulation
 utilities which are expected to exist on every operating system.
 .
 Specifically, this package includes:
 arch base64 basename cat chcon chgrp chmod chown chroot cksum comm cp
 csplit cut date dd df dir dircolors dirname du echo env expand expr
 factor false flock fmt fold groups head hostid id install join link ln
 logname ls md5sum mkdir mkfifo mknod mktemp mv nice nl nohup nproc numfmt
 od paste pathchk pinky pr printenv printf ptx pwd readlink realpath rm
 rmdir runcon sha*sum seq shred sleep sort split stat stty sum sync tac
 tail tee test timeout touch tr true truncate tsort tty uname unexpand
 uniq unlink users vdir wc who whoami yes

Package: git
Version: 1:2.34.1-1ubuntu1.5
Priority: optional
Section: vcs
Origin: Ubuntu
Maintainer: Ubuntu Developers <ubuntu-devel-discuss@lists.ubuntu.com>
Original-Maintainer: Jonathan Nieder <jrnieder@gmail.com>
Bugs: https://bugs.launchpad.net/ubuntu/+filebug
Installed-Size: 18.8 MB
Provides: git-completion, git-core
Depends: libc6 (>= 2.34), libcurl3-gnutls (>= 7.56.1), libexpat1 (>= 2.0.1), libpcre2-8-0 (>= 10.34), zlib1g (>= 1:1.2.0), perl, liberror-perl, git-man (>> 1:2.34.1), git-man (<< 1:2.34.1-.)
Recommends: ca-certificates, patch, less, ssh-client
Suggests: gettext-base, git-daemon-run | git-daemon-sysvinit, git-doc, git-email, git-gui, gitk, gitweb, git-cvs, git-mediawiki, git-svn
Breaks: bash-completion (<< 1:1.90-1), cogito (<= 0.18.2+), dgit (<< 5.1~), git-buildpackage (<< 0.6.5), git-el (<< 1:2.32.0~rc2-1~), gitosis (<< 0.2+20090917-7), gitpkg (<< 0.15), guilt (<< 0.33), openssh-client (<< 1:6.8), stgit (<< 0.15), stgit-contrib (<< 0.15)
Homepage: https://git-scm.com/
Task: cloud-image, ubuntu-wsl, server, ubuntu-server-raspi, kubuntu-desktop, lubuntu-desktop, ubuntustudio-desktop-core, ubuntustudio-desktop
Download-Size: 3,132 kB
APT-Manual-Installed: yes
APT-Sources: http://us.archive.ubuntu.com/ubuntu jammy-updates/main amd64 Packages
Description: fast, scalable, distributed revision control system
 Git is popular version control system designed to handle very large
 projects with speed and efficiency; it is used for many high profile
 open source projects, most notably the Linux kernel.
 .
 Git falls in the category of distributed source code management tools.
 Every Git working directory is a full-fledged repository with full
 revision tracking capabilities, not dependent on network access or a
 central server.
 .
 This package provides the git main components with minimal dependencies.
 Additional functionality, e.g. a graphical user interface and revision
 tree visualizer, tools for interoperating with other VCS's, or a web
 interface, is provided as separate git* packages.

Package: bwctl-client
Version: 1.5.4+dfsg1-1build1
Priority: optional
Section: universe/net
Source: bwctl
Origin: Ubuntu
Maintainer: Ubuntu Developers <ubuntu-devel-discuss@lists.ubuntu.com>
Original-Maintainer: Raoul Gunnar Borenius <borenius@dfn.de>
Bugs: https://bugs.launchpad.net/ubuntu/+filebug
Installed-Size: 281 kB
Depends: libc6 (>= 2.15)
Suggests: bwctl-server
Homepage: http://www.internet2.edu/performance/bwctl/
Download-Size: 98.3 kB
APT-Manual-Installed: yes
APT-Sources: http://us.archive.ubuntu.com/ubuntu jammy/universe amd64 Packages
Description: bandwidth test controller (client)
 The Bwctl suite works with nuttcp and iperf to test bandwidth without
 the need for a shell account on the remote systems.
 .
 This package contains the command line tool for scheduling and controlling
 tests. It requires the bwctl-server package to be installed on the
 hosts at both ends of the network that you are trying to test.

