Reading package lists... Done
Building dependency tree... Done
Reading state information... Done
The following packages were automatically installed and are no longer required:
  libflashrom1 libftdi1-2
Use 'sudo apt autoremove' to remove them.
The following additional packages will be installed:
  ncurses-term openssh-sftp-server ssh-import-id
Suggested packages:
  molly-guard monkeysphere ssh-askpass
The following NEW packages will be installed:
  ncurses-term openssh-server openssh-sftp-server ssh-import-id
0 upgraded, 4 newly installed, 0 to remove and 0 not upgraded.
Need to get 751 kB of archives.
After this operation, 6,046 kB of additional disk space will be used.
Get:1 http://us.archive.ubuntu.com/ubuntu jammy/main amd64 openssh-sftp-server amd64 1:8.9p1-3 [38.8 kB]
Get:2 http://us.archive.ubuntu.com/ubuntu jammy/main amd64 openssh-server amd64 1:8.9p1-3 [434 kB]
Get:3 http://us.archive.ubuntu.com/ubuntu jammy/main amd64 ncurses-term all 6.3-2 [267 kB]
Get:4 http://us.archive.ubuntu.com/ubuntu jammy/main amd64 ssh-import-id all 5.11-0ubuntu1 [10.1 kB]
Fetched 751 kB in 2s (317 kB/s)     
Preconfiguring packages ...
Selecting previously unselected package openssh-sftp-server.
(Reading database ... 201744 files and directories currently installed.)
Preparing to unpack .../openssh-sftp-server_1%3a8.9p1-3_amd64.deb ...
Unpacking openssh-sftp-server (1:8.9p1-3) ...
Selecting previously unselected package openssh-server.
Preparing to unpack .../openssh-server_1%3a8.9p1-3_amd64.deb ...
Unpacking openssh-server (1:8.9p1-3) ...
Selecting previously unselected package ncurses-term.
Preparing to unpack .../ncurses-term_6.3-2_all.deb ...
Unpacking ncurses-term (6.3-2) ...
Selecting previously unselected package ssh-import-id.
Preparing to unpack .../ssh-import-id_5.11-0ubuntu1_all.deb ...
Unpacking ssh-import-id (5.11-0ubuntu1) ...
Setting up openssh-sftp-server (1:8.9p1-3) ...
Setting up openssh-server (1:8.9p1-3) ...
Creating config file /etc/ssh/sshd_config with new version
Creating SSH2 RSA key; this may take some time ...
3072 SHA256:Hu9Kwjwa+cbNTZ2cY/xacxXAMey8GsUkLLb3YoFgG6I root@devops-console (RSA)
Creating SSH2 ECDSA key; this may take some time ...
256 SHA256:OMVm9lwE4aQ1T9aasujwpMr7ym2fICBS7jr2QtOB9lw root@devops-console (ECDSA)
Creating SSH2 ED25519 key; this may take some time ...
256 SHA256:KwEp7UJX2BvQ544gkcDN26GAb+lZBDrQFKApOrFvnGo root@devops-console (ED25519)
Created symlink /etc/systemd/system/sshd.service → /lib/systemd/system/ssh.service.
Created symlink /etc/systemd/system/multi-user.target.wants/ssh.service → /lib/systemd/system/ssh.service.
rescue-ssh.target is a disabled or a static unit, not starting it.
ssh.socket is a disabled or a static unit, not starting it.
Setting up ssh-import-id (5.11-0ubuntu1) ...
Setting up ncurses-term (6.3-2) ...
Processing triggers for man-db (2.10.2-1) ...
Processing triggers for ufw (0.36.1-4build1) ...

